2018-02-01 13:31:15.733  INFO 6660 --- [main] com.netmatch.Application                 : Starting Application on pc01-PC with PID 6660 (E:\IntellijIDEAworkspace\SpringBoot_basicProject\basicProject\target\classes started by Administrator in E:\IntellijIDEAworkspace\girl)
2018-02-01 13:31:15.754  INFO 6660 --- [main] com.netmatch.Application                 : The following profiles are active: dev
2018-02-01 13:31:16.485  INFO 6660 --- [main] ationConfigEmbeddedWebApplicationContext : Refreshing org.springframework.boot.context.embedded.AnnotationConfigEmbeddedWebApplicationContext@4fb61f4a: startup date [Thu Feb 01 13:31:16 CST 2018]; root of context hierarchy
2018-02-01 13:31:21.159  INFO 6660 --- [main] o.s.b.f.s.DefaultListableBeanFactory     : Overriding bean definition for bean 'redisCacheManager' with a different definition: replacing [Generic bean: class [com.netmatch.core.redis.RedisCacheManager]; scope=singleton; abstract=false; lazyInit=false; autowireMode=0; dependencyCheck=0; autowireCandidate=true; primary=false; factoryBeanName=null; factoryMethodName=null; initMethodName=null; destroyMethodName=null; defined in file [E:\IntellijIDEAworkspace\SpringBoot_basicProject\basicProject\target\classes\com\netmatch\core\redis\RedisCacheManager.class]] with [Root bean: class [null]; scope=; abstract=false; lazyInit=false; autowireMode=3; dependencyCheck=0; autowireCandidate=true; primary=false; factoryBeanName=shiroConfiguration; factoryMethodName=redisCacheManager; initMethodName=null; destroyMethodName=(inferred); defined in class path resource [com/netmatch/core/shiro/ShiroConfiguration.class]]
2018-02-01 13:31:21.160  INFO 6660 --- [main] o.s.b.f.s.DefaultListableBeanFactory     : Overriding bean definition for bean 'redisSessionDAO' with a different definition: replacing [Generic bean: class [com.netmatch.core.redis.RedisSessionDAO]; scope=singleton; abstract=false; lazyInit=false; autowireMode=0; dependencyCheck=0; autowireCandidate=true; primary=false; factoryBeanName=null; factoryMethodName=null; initMethodName=null; destroyMethodName=null; defined in file [E:\IntellijIDEAworkspace\SpringBoot_basicProject\basicProject\target\classes\com\netmatch\core\redis\RedisSessionDAO.class]] with [Root bean: class [null]; scope=; abstract=false; lazyInit=false; autowireMode=3; dependencyCheck=0; autowireCandidate=true; primary=false; factoryBeanName=shiroConfiguration; factoryMethodName=redisSessionDAO; initMethodName=null; destroyMethodName=(inferred); defined in class path resource [com/netmatch/core/shiro/ShiroConfiguration.class]]
2018-02-01 13:31:21.160  INFO 6660 --- [main] o.s.b.f.s.DefaultListableBeanFactory     : Overriding bean definition for bean 'customSessionListener' with a different definition: replacing [Generic bean: class [com.netmatch.core.shiro.CustomSessionListener]; scope=singleton; abstract=false; lazyInit=false; autowireMode=0; dependencyCheck=0; autowireCandidate=true; primary=false; factoryBeanName=null; factoryMethodName=null; initMethodName=null; destroyMethodName=null; defined in file [E:\IntellijIDEAworkspace\SpringBoot_basicProject\basicProject\target\classes\com\netmatch\core\shiro\CustomSessionListener.class]] with [Root bean: class [null]; scope=; abstract=false; lazyInit=false; autowireMode=3; dependencyCheck=0; autowireCandidate=true; primary=false; factoryBeanName=shiroConfiguration; factoryMethodName=customSessionListener; initMethodName=null; destroyMethodName=(inferred); defined in class path resource [com/netmatch/core/shiro/ShiroConfiguration.class]]
2018-02-01 13:31:21.372  INFO 6660 --- [main] .s.d.r.c.RepositoryConfigurationDelegate : Multiple Spring Data modules found, entering strict repository configuration mode!
2018-02-01 13:31:21.697  WARN 6660 --- [main] o.s.c.a.ConfigurationClassPostProcessor  : Cannot enhance @Configuration bean definition 'myBatisMapperScannerConfig' since its singleton instance has been created too early. The typical cause is a non-static @Bean method with a BeanDefinitionRegistryPostProcessor return type: Consider declaring such methods as 'static'.
2018-02-01 13:31:21.879  INFO 6660 --- [main] o.s.b.f.s.DefaultListableBeanFactory     : Overriding bean definition for bean 'apiFilter' with a different definition: replacing [Generic bean: class [com.netmatch.filter.ApiFilter]; scope=singleton; abstract=false; lazyInit=false; autowireMode=0; dependencyCheck=0; autowireCandidate=true; primary=false; factoryBeanName=null; factoryMethodName=null; initMethodName=null; destroyMethodName=null; defined in file [E:\IntellijIDEAworkspace\SpringBoot_basicProject\basicProject\target\classes\com\netmatch\filter\ApiFilter.class]] with [Root bean: class [org.springframework.boot.web.servlet.FilterRegistrationBean]; scope=; abstract=false; lazyInit=false; autowireMode=0; dependencyCheck=0; autowireCandidate=true; primary=false; factoryBeanName=null; factoryMethodName=null; initMethodName=null; destroyMethodName=null]
2018-02-01 13:31:21.926  INFO 6660 --- [main] trationDelegate$BeanPostProcessorChecker : Bean 'shiroConfiguration' of type [com.netmatch.core.shiro.ShiroConfiguration$$EnhancerBySpringCGLIB$$4570d133] is not eligible for getting processed by all BeanPostProcessors (for example: not eligible for auto-proxying)
2018-02-01 13:31:23.043  INFO 6660 --- [main] trationDelegate$BeanPostProcessorChecker : Bean 'adminHashedCredentialsMatcher' of type [org.apache.shiro.authc.credential.HashedCredentialsMatcher] is not eligible for getting processed by all BeanPostProcessors (for example: not eligible for auto-proxying)
2018-02-01 13:31:23.081  INFO 6660 --- [main] trationDelegate$BeanPostProcessorChecker : Bean 'org.springframework.boot.autoconfigure.jdbc.DataSourceConfiguration$Generic' of type [org.springframework.boot.autoconfigure.jdbc.DataSourceConfiguration$Generic] is not eligible for getting processed by all BeanPostProcessors (for example: not eligible for auto-proxying)
2018-02-01 13:31:23.762  INFO 6660 --- [main] trationDelegate$BeanPostProcessorChecker : Bean 'spring.datasource-org.springframework.boot.autoconfigure.jdbc.DataSourceProperties' of type [org.springframework.boot.autoconfigure.jdbc.DataSourceProperties] is not eligible for getting processed by all BeanPostProcessors (for example: not eligible for auto-proxying)
2018-02-01 13:31:23.997  INFO 6660 --- [main] trationDelegate$BeanPostProcessorChecker : Bean 'dataSource' of type [com.alibaba.druid.pool.DruidDataSource] is not eligible for getting processed by all BeanPostProcessors (for example: not eligible for auto-proxying)
2018-02-01 13:31:23.998  INFO 6660 --- [main] trationDelegate$BeanPostProcessorChecker : Bean 'myBatisConfig' of type [com.netmatch.core.MyBatisConfig$$EnhancerBySpringCGLIB$$5d774f1a] is not eligible for getting processed by all BeanPostProcessors (for example: not eligible for auto-proxying)
2018-02-01 13:31:25.066  INFO 6660 --- [main] trationDelegate$BeanPostProcessorChecker : Bean 'sqlSessionFactory' of type [org.apache.ibatis.session.defaults.DefaultSqlSessionFactory] is not eligible for getting processed by all BeanPostProcessors (for example: not eligible for auto-proxying)
2018-02-01 13:31:25.108  INFO 6660 --- [main] trationDelegate$BeanPostProcessorChecker : Bean 'adminMapper' of type [tk.mybatis.spring.mapper.MapperFactoryBean] is not eligible for getting processed by all BeanPostProcessors (for example: not eligible for auto-proxying)
2018-02-01 13:31:25.110  INFO 6660 --- [main] trationDelegate$BeanPostProcessorChecker : Bean 'adminMapper' of type [com.sun.proxy.$Proxy67] is not eligible for getting processed by all BeanPostProcessors (for example: not eligible for auto-proxying)
2018-02-01 13:31:25.113  INFO 6660 --- [main] trationDelegate$BeanPostProcessorChecker : Bean 'imageMapper' of type [tk.mybatis.spring.mapper.MapperFactoryBean] is not eligible for getting processed by all BeanPostProcessors (for example: not eligible for auto-proxying)
2018-02-01 13:31:25.114  INFO 6660 --- [main] trationDelegate$BeanPostProcessorChecker : Bean 'imageMapper' of type [com.sun.proxy.$Proxy68] is not eligible for getting processed by all BeanPostProcessors (for example: not eligible for auto-proxying)
2018-02-01 13:31:25.115  INFO 6660 --- [main] trationDelegate$BeanPostProcessorChecker : Bean 'imageService' of type [com.netmatch.service.common.ImageService] is not eligible for getting processed by all BeanPostProcessors (for example: not eligible for auto-proxying)
2018-02-01 13:31:25.115  INFO 6660 --- [main] trationDelegate$BeanPostProcessorChecker : Bean 'adminService' of type [com.netmatch.service.console.AdminService] is not eligible for getting processed by all BeanPostProcessors (for example: not eligible for auto-proxying)
2018-02-01 13:31:25.140  INFO 6660 --- [main] trationDelegate$BeanPostProcessorChecker : Bean 'roleMapper' of type [tk.mybatis.spring.mapper.MapperFactoryBean] is not eligible for getting processed by all BeanPostProcessors (for example: not eligible for auto-proxying)
2018-02-01 13:31:25.141  INFO 6660 --- [main] trationDelegate$BeanPostProcessorChecker : Bean 'roleMapper' of type [com.sun.proxy.$Proxy69] is not eligible for getting processed by all BeanPostProcessors (for example: not eligible for auto-proxying)
2018-02-01 13:31:25.142  INFO 6660 --- [main] trationDelegate$BeanPostProcessorChecker : Bean 'roleService' of type [com.netmatch.service.console.RoleService] is not eligible for getting processed by all BeanPostProcessors (for example: not eligible for auto-proxying)
2018-02-01 13:31:25.166  INFO 6660 --- [main] trationDelegate$BeanPostProcessorChecker : Bean 'menuMapper' of type [tk.mybatis.spring.mapper.MapperFactoryBean] is not eligible for getting processed by all BeanPostProcessors (for example: not eligible for auto-proxying)
2018-02-01 13:31:25.168  INFO 6660 --- [main] trationDelegate$BeanPostProcessorChecker : Bean 'menuMapper' of type [com.sun.proxy.$Proxy70] is not eligible for getting processed by all BeanPostProcessors (for example: not eligible for auto-proxying)
2018-02-01 13:31:25.168  INFO 6660 --- [main] trationDelegate$BeanPostProcessorChecker : Bean 'menuService' of type [com.netmatch.service.console.MenuService] is not eligible for getting processed by all BeanPostProcessors (for example: not eligible for auto-proxying)
2018-02-01 13:31:25.168  INFO 6660 --- [main] org.apache.shiro.realm.AuthorizingRealm  : No cache or cacheManager properties have been set.  Authorization cache cannot be obtained.
2018-02-01 13:31:25.168  INFO 6660 --- [main] trationDelegate$BeanPostProcessorChecker : Bean 'adminShiroRealm' of type [com.netmatch.core.shiro.AdminShiroRealm] is not eligible for getting processed by all BeanPostProcessors (for example: not eligible for auto-proxying)
2018-02-01 13:31:25.169  INFO 6660 --- [main] trationDelegate$BeanPostProcessorChecker : Bean 'customHashedCredentialsMatcher' of type [org.apache.shiro.authc.credential.HashedCredentialsMatcher] is not eligible for getting processed by all BeanPostProcessors (for example: not eligible for auto-proxying)
2018-02-01 13:31:25.196  INFO 6660 --- [main] trationDelegate$BeanPostProcessorChecker : Bean 'memberMapper' of type [tk.mybatis.spring.mapper.MapperFactoryBean] is not eligible for getting processed by all BeanPostProcessors (for example: not eligible for auto-proxying)
2018-02-01 13:31:25.197  INFO 6660 --- [main] trationDelegate$BeanPostProcessorChecker : Bean 'memberMapper' of type [com.sun.proxy.$Proxy71] is not eligible for getting processed by all BeanPostProcessors (for example: not eligible for auto-proxying)
2018-02-01 13:31:25.197  INFO 6660 --- [main] trationDelegate$BeanPostProcessorChecker : Bean 'memberService' of type [com.netmatch.service.member.MemberService] is not eligible for getting processed by all BeanPostProcessors (for example: not eligible for auto-proxying)
2018-02-01 13:31:25.198  INFO 6660 --- [main] org.apache.shiro.realm.AuthorizingRealm  : No cache or cacheManager properties have been set.  Authorization cache cannot be obtained.
2018-02-01 13:31:25.198  INFO 6660 --- [main] trationDelegate$BeanPostProcessorChecker : Bean 'customShiroRealm' of type [com.netmatch.core.shiro.CustomShiroRealm] is not eligible for getting processed by all BeanPostProcessors (for example: not eligible for auto-proxying)
2018-02-01 13:31:25.201  INFO 6660 --- [main] trationDelegate$BeanPostProcessorChecker : Bean 'authenticationStrategy' of type [org.apache.shiro.authc.pam.FirstSuccessfulStrategy] is not eligible for getting processed by all BeanPostProcessors (for example: not eligible for auto-proxying)
2018-02-01 13:31:25.245  INFO 6660 --- [main] trationDelegate$BeanPostProcessorChecker : Bean 'redisConfiguration' of type [com.netmatch.core.redis.RedisConfiguration$$EnhancerBySpringCGLIB$$1004839f] is not eligible for getting processed by all BeanPostProcessors (for example: not eligible for auto-proxying)
2018-02-01 13:31:25.248  INFO 6660 --- [main] uration$$EnhancerBySpringCGLIB$$1004839f : redisTemplatet注入成功！！
2018-02-01 13:31:25.376  INFO 6660 --- [main] trationDelegate$BeanPostProcessorChecker : Bean 'getJedisPoolConfig' of type [redis.clients.jedis.JedisPoolConfig] is not eligible for getting processed by all BeanPostProcessors (for example: not eligible for auto-proxying)
2018-02-01 13:31:25.376  INFO 6660 --- [main] uration$$EnhancerBySpringCGLIB$$1004839f : JedisConnectionFactory注入成功！！
2018-02-01 13:31:25.471  INFO 6660 --- [main] trationDelegate$BeanPostProcessorChecker : Bean 'jedisConnectionFactory' of type [org.springframework.data.redis.connection.jedis.JedisConnectionFactory] is not eligible for getting processed by all BeanPostProcessors (for example: not eligible for auto-proxying)
2018-02-01 13:31:25.523  INFO 6660 --- [main] trationDelegate$BeanPostProcessorChecker : Bean 'getRedisTemplate' of type [org.springframework.data.redis.core.RedisTemplate] is not eligible for getting processed by all BeanPostProcessors (for example: not eligible for auto-proxying)
2018-02-01 13:31:25.524  INFO 6660 --- [main] trationDelegate$BeanPostProcessorChecker : Bean 'redisSessionDAO' of type [com.netmatch.core.redis.RedisSessionDAO] is not eligible for getting processed by all BeanPostProcessors (for example: not eligible for auto-proxying)
2018-02-01 13:31:25.527  INFO 6660 --- [main] trationDelegate$BeanPostProcessorChecker : Bean 'customSessionListener' of type [com.netmatch.core.shiro.CustomSessionListener] is not eligible for getting processed by all BeanPostProcessors (for example: not eligible for auto-proxying)
2018-02-01 13:31:25.534  INFO 6660 --- [main] trationDelegate$BeanPostProcessorChecker : Bean 'sessionManager' of type [org.apache.shiro.web.session.mgt.DefaultWebSessionManager] is not eligible for getting processed by all BeanPostProcessors (for example: not eligible for auto-proxying)
2018-02-01 13:31:25.542  INFO 6660 --- [main] trationDelegate$BeanPostProcessorChecker : Bean 'securityManager' of type [org.apache.shiro.web.mgt.DefaultWebSecurityManager] is not eligible for getting processed by all BeanPostProcessors (for example: not eligible for auto-proxying)
2018-02-01 13:31:25.596  INFO 6660 --- [main] trationDelegate$BeanPostProcessorChecker : Bean 'authorizationAttributeSourceAdvisor' of type [org.apache.shiro.spring.security.interceptor.AuthorizationAttributeSourceAdvisor] is not eligible for getting processed by all BeanPostProcessors (for example: not eligible for auto-proxying)
2018-02-01 13:31:25.612  INFO 6660 --- [main] trationDelegate$BeanPostProcessorChecker : Bean 'org.springframework.cache.annotation.ProxyCachingConfiguration' of type [org.springframework.cache.annotation.ProxyCachingConfiguration$$EnhancerBySpringCGLIB$$1e9d2fd4] is not eligible for getting processed by all BeanPostProcessors (for example: not eligible for auto-proxying)
2018-02-01 13:31:25.678  INFO 6660 --- [main] trationDelegate$BeanPostProcessorChecker : Bean 'annotationDrivenTransactionManager' of type [org.springframework.jdbc.datasource.DataSourceTransactionManager] is not eligible for getting processed by all BeanPostProcessors (for example: not eligible for auto-proxying)
2018-02-01 13:31:25.683  INFO 6660 --- [main] trationDelegate$BeanPostProcessorChecker : Bean 'org.springframework.transaction.annotation.ProxyTransactionManagementConfiguration' of type [org.springframework.transaction.annotation.ProxyTransactionManagementConfiguration$$EnhancerBySpringCGLIB$$d58af9b6] is not eligible for getting processed by all BeanPostProcessors (for example: not eligible for auto-proxying)
2018-02-01 13:31:26.292  INFO 6660 --- [main] s.b.c.e.t.TomcatEmbeddedServletContainer : Tomcat initialized with port(s): 8000 (http)
2018-02-01 13:31:26.308  INFO 6660 --- [main] o.apache.catalina.core.StandardService   : Starting service Tomcat
2018-02-01 13:31:26.309  INFO 6660 --- [main] org.apache.catalina.core.StandardEngine  : Starting Servlet Engine: Apache Tomcat/8.5.11
2018-02-01 13:31:26.520  INFO 6660 --- [localhost-startStop-1] o.a.c.c.C.[Tomcat].[localhost].[/]       : Initializing Spring embedded WebApplicationContext
2018-02-01 13:31:26.521  INFO 6660 --- [localhost-startStop-1] o.s.web.context.ContextLoader            : Root WebApplicationContext: initialization completed in 10036 ms
2018-02-01 13:31:27.157  INFO 6660 --- [localhost-startStop-1] o.s.b.w.servlet.FilterRegistrationBean   : Mapping filter: 'characterEncodingFilter' to: [/*]
2018-02-01 13:31:27.158  INFO 6660 --- [localhost-startStop-1] o.s.b.w.servlet.FilterRegistrationBean   : Mapping filter: 'apiFilter' to urls: [/api/member/*]
2018-02-01 13:31:27.158  INFO 6660 --- [localhost-startStop-1] o.s.b.w.servlet.FilterRegistrationBean   : Mapping filter: 'shirFilter' to: [/*]
2018-02-01 13:31:27.158  INFO 6660 --- [localhost-startStop-1] o.s.b.w.servlet.ServletRegistrationBean  : Mapping servlet: 'dispatcherServlet' to [/]
2018-02-01 13:31:27.781  INFO 6660 --- [main] uration$$EnhancerBySpringCGLIB$$1004839f : JedisPool注入成功！！
2018-02-01 13:31:27.788  INFO 6660 --- [main] uration$$EnhancerBySpringCGLIB$$1004839f : cacheManager注入成功！！
2018-02-01 13:31:28.085  INFO 6660 --- [main] s.w.s.m.m.a.RequestMappingHandlerMapping : Mapped "{[/api/member/index],methods=[GET]}" onto public org.springframework.ui.ModelMap com.netmatch.controller.api.ApiMemberController.index(javax.servlet.http.HttpServletRequest)
2018-02-01 13:31:28.085  INFO 6660 --- [main] s.w.s.m.m.a.RequestMappingHandlerMapping : Mapped "{[/api/oauth/token],methods=[POST]}" onto public org.springframework.ui.ModelMap com.netmatch.controller.api.ApiPublicController.doLogin(com.netmatch.model.valid.ValidMember,org.springframework.validation.BindingResult)
2018-02-01 13:31:28.087  INFO 6660 --- [main] s.w.s.m.m.a.RequestMappingHandlerMapping : Mapped "{[/console/admin/index],methods=[GET]}" onto public java.lang.String com.netmatch.controller.console.AdminController.index(org.springframework.ui.Model)
2018-02-01 13:31:28.087  INFO 6660 --- [main] s.w.s.m.m.a.RequestMappingHandlerMapping : Mapped "{[/console/admin/delete],methods=[GET]}" onto public org.springframework.ui.ModelMap com.netmatch.controller.console.AdminController.delete(java.lang.String[])
2018-02-01 13:31:28.087  INFO 6660 --- [main] s.w.s.m.m.a.RequestMappingHandlerMapping : Mapped "{[/console/admin/list],methods=[GET]}" onto public org.springframework.ui.ModelMap com.netmatch.controller.console.AdminController.list(com.netmatch.model.console.Admin)
2018-02-01 13:31:28.087  INFO 6660 --- [main] s.w.s.m.m.a.RequestMappingHandlerMapping : Mapped "{[/console/admin/save],methods=[POST]}" onto public org.springframework.ui.ModelMap com.netmatch.controller.console.AdminController.save(com.netmatch.model.console.Admin,org.springframework.validation.BindingResult)
2018-02-01 13:31:28.087  INFO 6660 --- [main] s.w.s.m.m.a.RequestMappingHandlerMapping : Mapped "{[/console/admin/from],methods=[GET]}" onto public java.lang.String com.netmatch.controller.console.AdminController.from(com.netmatch.model.console.Admin,org.springframework.ui.Model)
2018-02-01 13:31:28.087  INFO 6660 --- [main] s.w.s.m.m.a.RequestMappingHandlerMapping : Mapped "{[/console/admin/savepwd],methods=[POST]}" onto public org.springframework.ui.ModelMap com.netmatch.controller.console.AdminController.editPwd(java.lang.String,java.lang.String)
2018-02-01 13:31:28.088  INFO 6660 --- [main] s.w.s.m.m.a.RequestMappingHandlerMapping : Mapped "{[/console/upload/index]}" onto public java.lang.String com.netmatch.controller.console.FileUploadController.index()
2018-02-01 13:31:28.088  INFO 6660 --- [main] s.w.s.m.m.a.RequestMappingHandlerMapping : Mapped "{[/console/log/index],methods=[GET]}" onto public java.lang.String com.netmatch.controller.console.LogController.index(org.springframework.ui.Model)
2018-02-01 13:31:28.088  INFO 6660 --- [main] s.w.s.m.m.a.RequestMappingHandlerMapping : Mapped "{[/console/log/list],methods=[GET]}" onto public org.springframework.ui.ModelMap com.netmatch.controller.console.LogController.list(com.netmatch.model.console.Log)
2018-02-01 13:31:28.089  INFO 6660 --- [main] s.w.s.m.m.a.RequestMappingHandlerMapping : Mapped "{[/console/index],methods=[GET]}" onto public java.lang.String com.netmatch.controller.console.MainController.index(org.springframework.ui.Model)
2018-02-01 13:31:28.090  INFO 6660 --- [main] s.w.s.m.m.a.RequestMappingHandlerMapping : Mapped "{[/console/main],methods=[POST]}" onto public org.springframework.ui.ModelMap com.netmatch.controller.console.MainController.main()
2018-02-01 13:31:28.090  INFO 6660 --- [main] s.w.s.m.m.a.RequestMappingHandlerMapping : Mapped "{[/console/main],methods=[GET]}" onto public java.lang.String com.netmatch.controller.console.MainController.right(org.springframework.ui.Model)
2018-02-01 13:31:28.090  INFO 6660 --- [main] s.w.s.m.m.a.RequestMappingHandlerMapping : Mapped "{[/console/wapper],methods=[GET]}" onto public org.springframework.ui.ModelMap com.netmatch.controller.console.MainController.wapper()
2018-02-01 13:31:28.093  INFO 6660 --- [main] s.w.s.m.m.a.RequestMappingHandlerMapping : Mapped "{[/console/menu/index],methods=[GET]}" onto public java.lang.String com.netmatch.controller.console.MenuController.index(org.springframework.ui.Model)
2018-02-01 13:31:28.093  INFO 6660 --- [main] s.w.s.m.m.a.RequestMappingHandlerMapping : Mapped "{[/console/menu/from],methods=[GET]}" onto public java.lang.String com.netmatch.controller.console.MenuController.add(com.netmatch.model.console.Menu,org.springframework.ui.Model)
2018-02-01 13:31:28.093  INFO 6660 --- [main] s.w.s.m.m.a.RequestMappingHandlerMapping : Mapped "{[/console/menu/delete],methods=[GET]}" onto public org.springframework.ui.ModelMap com.netmatch.controller.console.MenuController.delete(java.lang.String[])
2018-02-01 13:31:28.093  INFO 6660 --- [main] s.w.s.m.m.a.RequestMappingHandlerMapping : Mapped "{[/console/menu/list],methods=[GET]}" onto public org.springframework.ui.ModelMap com.netmatch.controller.console.MenuController.list()
2018-02-01 13:31:28.094  INFO 6660 --- [main] s.w.s.m.m.a.RequestMappingHandlerMapping : Mapped "{[/console/menu/save],methods=[POST]}" onto public org.springframework.ui.ModelMap com.netmatch.controller.console.MenuController.save(com.netmatch.model.console.Menu,org.springframework.validation.BindingResult)
2018-02-01 13:31:28.094  INFO 6660 --- [main] s.w.s.m.m.a.RequestMappingHandlerMapping : Mapped "{[/console/menu/listorder],methods=[POST]}" onto public org.springframework.ui.ModelMap com.netmatch.controller.console.MenuController.updateOrder(java.lang.String,java.lang.Integer)
2018-02-01 13:31:28.095  INFO 6660 --- [main] s.w.s.m.m.a.RequestMappingHandlerMapping : Mapped "{[/console/403]}" onto public java.lang.String com.netmatch.controller.console.PublicController.unauthorizedRole()
2018-02-01 13:31:28.095  INFO 6660 --- [main] s.w.s.m.m.a.RequestMappingHandlerMapping : Mapped "{[/console/login],methods=[POST]}" onto public java.lang.String com.netmatch.controller.console.PublicController.loginPost(com.netmatch.model.valid.ValidAdmin,org.springframework.validation.BindingResult,org.springframework.web.servlet.mvc.support.RedirectAttributes,javax.servlet.http.HttpServletRequest)
2018-02-01 13:31:28.095  INFO 6660 --- [main] s.w.s.m.m.a.RequestMappingHandlerMapping : Mapped "{[/console/login],methods=[GET]}" onto public java.lang.String com.netmatch.controller.console.PublicController.loginForm()
2018-02-01 13:31:28.095  INFO 6660 --- [main] s.w.s.m.m.a.RequestMappingHandlerMapping : Mapped "{[/console/logout],methods=[GET]}" onto public java.lang.String com.netmatch.controller.console.PublicController.logout(org.springframework.web.servlet.mvc.support.RedirectAttributes)
2018-02-01 13:31:28.096  INFO 6660 --- [main] s.w.s.m.m.a.RequestMappingHandlerMapping : Mapped "{[/console/role/index],methods=[GET]}" onto public java.lang.String com.netmatch.controller.console.RoleController.index(org.springframework.ui.Model)
2018-02-01 13:31:28.097  INFO 6660 --- [main] s.w.s.m.m.a.RequestMappingHandlerMapping : Mapped "{[/console/role/delete],methods=[GET]}" onto public org.springframework.ui.ModelMap com.netmatch.controller.console.RoleController.delete(java.lang.String[])
2018-02-01 13:31:28.097  INFO 6660 --- [main] s.w.s.m.m.a.RequestMappingHandlerMapping : Mapped "{[/console/role/list],methods=[GET]}" onto public org.springframework.ui.ModelMap com.netmatch.controller.console.RoleController.list(com.netmatch.model.console.Role)
2018-02-01 13:31:28.098  INFO 6660 --- [main] s.w.s.m.m.a.RequestMappingHandlerMapping : Mapped "{[/console/role/save],methods=[POST]}" onto public org.springframework.ui.ModelMap com.netmatch.controller.console.RoleController.save(com.netmatch.model.console.Role,org.springframework.validation.BindingResult)
2018-02-01 13:31:28.098  INFO 6660 --- [main] s.w.s.m.m.a.RequestMappingHandlerMapping : Mapped "{[/console/role/from],methods=[GET]}" onto public java.lang.String com.netmatch.controller.console.RoleController.from(com.netmatch.model.console.Role,org.springframework.ui.Model)
2018-02-01 13:31:28.098  INFO 6660 --- [main] s.w.s.m.m.a.RequestMappingHandlerMapping : Mapped "{[/console/role/grant],methods=[POST]}" onto public org.springframework.ui.ModelMap com.netmatch.controller.console.RoleController.grant(java.lang.String,java.lang.String[])
2018-02-01 13:31:28.098  INFO 6660 --- [main] s.w.s.m.m.a.RequestMappingHandlerMapping : Mapped "{[/console/role/combobox],methods=[POST || GET]}" onto public org.springframework.ui.ModelMap com.netmatch.controller.console.RoleController.comboBox()
2018-02-01 13:31:28.098  INFO 6660 --- [main] s.w.s.m.m.a.RequestMappingHandlerMapping : Mapped "{[/console/role/menutree],methods=[POST || GET]}" onto public org.springframework.ui.ModelMap com.netmatch.controller.console.RoleController.comboTree(java.lang.String)
2018-02-01 13:31:28.098  INFO 6660 --- [main] s.w.s.m.m.a.RequestMappingHandlerMapping : Mapped "{[/console/role/grant],methods=[GET]}" onto public java.lang.String com.netmatch.controller.console.RoleController.grantForm(java.lang.String,org.springframework.ui.Model)
2018-02-01 13:31:28.098  INFO 6660 --- [main] s.w.s.m.m.a.RequestMappingHandlerMapping : Mapped "{[/console/role/menulist],methods=[GET]}" onto public org.springframework.ui.ModelMap com.netmatch.controller.console.RoleController.menulist(java.lang.String)
2018-02-01 13:31:28.099  INFO 6660 --- [main] s.w.s.m.m.a.RequestMappingHandlerMapping : Mapped "{[/console/regions/index],methods=[GET]}" onto public java.lang.String com.netmatch.controller.console.sys.RegionsController.index(org.springframework.ui.Model)
2018-02-01 13:31:28.100  INFO 6660 --- [main] s.w.s.m.m.a.RequestMappingHandlerMapping : Mapped "{[/console/regions/list],methods=[POST],produces=[html/text;charset=UTF-8]}" onto public org.springframework.ui.ModelMap com.netmatch.controller.console.sys.RegionsController.list(com.netmatch.model.console.sys.Regions)
2018-02-01 13:31:28.100  INFO 6660 --- [main] s.w.s.m.m.a.RequestMappingHandlerMapping : Mapped "{[/console/regions/list2],methods=[POST],produces=[html/text;charset=UTF-8]}" onto public java.lang.String com.netmatch.controller.console.sys.RegionsController.list2(com.netmatch.model.console.sys.Regions)
2018-02-01 13:31:28.100  INFO 6660 --- [main] s.w.s.m.m.a.RequestMappingHandlerMapping : Mapped "{[/image/fileupload],methods=[POST]}" onto public org.springframework.web.servlet.ModelAndView com.netmatch.controller.console.UploadImgController.uploadHeadImage(java.lang.String,java.lang.String,java.lang.String,java.lang.String,java.lang.String,org.springframework.web.multipart.MultipartFile) throws java.lang.Exception
2018-02-01 13:31:28.101  INFO 6660 --- [main] s.w.s.m.m.a.RequestMappingHandlerMapping : Mapped "{[/console/member/index],methods=[GET]}" onto public java.lang.String com.netmatch.controller.console.UserController.index(org.springframework.ui.Model)
2018-02-01 13:31:28.101  INFO 6660 --- [main] s.w.s.m.m.a.RequestMappingHandlerMapping : Mapped "{[/console/member/list],methods=[GET]}" onto public org.springframework.ui.ModelMap com.netmatch.controller.console.UserController.list(com.netmatch.model.member.Member)
2018-02-01 13:31:28.102  INFO 6660 --- [main] s.w.s.m.m.a.RequestMappingHandlerMapping : Mapped "{[]}" onto public java.lang.String com.netmatch.controller.IndexController.index(org.springframework.ui.Model)
2018-02-01 13:31:28.102  INFO 6660 --- [main] s.w.s.m.m.a.RequestMappingHandlerMapping : Mapped "{[/403]}" onto public java.lang.String com.netmatch.controller.IndexController.forbidden()
2018-02-01 13:31:28.103  INFO 6660 --- [main] s.w.s.m.m.a.RequestMappingHandlerMapping : Mapped "{[/member/index]}" onto public java.lang.String com.netmatch.controller.member.HomeController.index(org.springframework.ui.Model)
2018-02-01 13:31:28.103  INFO 6660 --- [main] s.w.s.m.m.a.RequestMappingHandlerMapping : Mapped "{[/member/reg],methods=[GET]}" onto public java.lang.String com.netmatch.controller.member.HomeController.reg()
2018-02-01 13:31:28.103  INFO 6660 --- [main] s.w.s.m.m.a.RequestMappingHandlerMapping : Mapped "{[/member/login],methods=[GET]}" onto public java.lang.String com.netmatch.controller.member.HomeController.login()
2018-02-01 13:31:28.103  INFO 6660 --- [main] s.w.s.m.m.a.RequestMappingHandlerMapping : Mapped "{[/member/login],methods=[POST]}" onto public org.springframework.ui.ModelMap com.netmatch.controller.member.MemberController.doLogin(com.netmatch.model.valid.ValidMember,org.springframework.validation.BindingResult,org.springframework.web.servlet.mvc.support.RedirectAttributes)
2018-02-01 13:31:28.104  INFO 6660 --- [main] s.w.s.m.m.a.RequestMappingHandlerMapping : Mapped "{[/member/reg],methods=[POST]}" onto public org.springframework.ui.ModelMap com.netmatch.controller.member.MemberController.doReg(com.netmatch.model.member.Member,org.springframework.validation.BindingResult)
2018-02-01 13:31:28.104  INFO 6660 --- [main] s.w.s.m.m.a.RequestMappingHandlerMapping : Mapped "{[/member/logout],methods=[GET]}" onto public java.lang.String com.netmatch.controller.member.MemberController.logout()
2018-02-01 13:31:28.107  INFO 6660 --- [main] s.w.s.m.m.a.RequestMappingHandlerMapping : Mapped "{[/error]}" onto public org.springframework.http.ResponseEntity<java.util.Map<java.lang.String, java.lang.Object>> org.springframework.boot.autoconfigure.web.BasicErrorController.error(javax.servlet.http.HttpServletRequest)
2018-02-01 13:31:28.108  INFO 6660 --- [main] s.w.s.m.m.a.RequestMappingHandlerMapping : Mapped "{[/error],produces=[text/html]}" onto public org.springframework.web.servlet.ModelAndView org.springframework.boot.autoconfigure.web.BasicErrorController.errorHtml(javax.servlet.http.HttpServletRequest,javax.servlet.http.HttpServletResponse)
2018-02-01 13:31:28.187  INFO 6660 --- [main] o.s.w.s.handler.SimpleUrlHandlerMapping  : Mapped URL path [/static/**] onto handler of type [class org.springframework.web.servlet.resource.ResourceHttpRequestHandler]
2018-02-01 13:31:28.188  INFO 6660 --- [main] o.s.w.s.handler.SimpleUrlHandlerMapping  : Mapped URL path [/app/**] onto handler of type [class org.springframework.web.servlet.resource.ResourceHttpRequestHandler]
2018-02-01 13:31:28.298  INFO 6660 --- [main] s.w.s.m.m.a.RequestMappingHandlerAdapter : Looking for @ControllerAdvice: org.springframework.boot.context.embedded.AnnotationConfigEmbeddedWebApplicationContext@4fb61f4a: startup date [Thu Feb 01 13:31:16 CST 2018]; root of context hierarchy
2018-02-01 13:31:30.087  INFO 6660 --- [main] o.s.j.e.a.AnnotationMBeanExporter        : Registering beans for JMX exposure on startup
2018-02-01 13:31:30.089  INFO 6660 --- [main] o.s.j.e.a.AnnotationMBeanExporter        : Bean with name 'dataSource' has been autodetected for JMX exposure
2018-02-01 13:31:30.096  INFO 6660 --- [main] o.s.j.e.a.AnnotationMBeanExporter        : Located MBean 'dataSource': registering with JMX server as MBean [com.alibaba.druid.pool:name=dataSource,type=DruidDataSource]
2018-02-01 13:31:31.219  INFO 6660 --- [main] s.b.c.e.t.TomcatEmbeddedServletContainer : Tomcat started on port(s): 8000 (http)
2018-02-01 13:31:31.223  INFO 6660 --- [main] com.netmatch.Application                 : Started Application in 17.073 seconds (JVM running for 24.015)
2018-02-01 13:38:12.223  INFO 10692 --- [main] com.netmatch.Application                 : Starting Application on pc01-PC with PID 10692 (E:\IntellijIDEAworkspace\SpringBoot_basicProject\basicProject\target\classes started by Administrator in E:\IntellijIDEAworkspace\girl)
2018-02-01 13:38:12.225  INFO 10692 --- [main] com.netmatch.Application                 : The following profiles are active: pro
2018-02-01 13:38:12.346  INFO 10692 --- [main] ationConfigEmbeddedWebApplicationContext : Refreshing org.springframework.boot.context.embedded.AnnotationConfigEmbeddedWebApplicationContext@4fb0f2b9: startup date [Thu Feb 01 13:38:12 CST 2018]; root of context hierarchy
2018-02-01 13:38:12.783  INFO 10692 --- [main] o.s.b.f.s.DefaultListableBeanFactory     : Overriding bean definition for bean 'redisCacheManager' with a different definition: replacing [Generic bean: class [com.netmatch.core.redis.RedisCacheManager]; scope=singleton; abstract=false; lazyInit=false; autowireMode=0; dependencyCheck=0; autowireCandidate=true; primary=false; factoryBeanName=null; factoryMethodName=null; initMethodName=null; destroyMethodName=null; defined in file [E:\IntellijIDEAworkspace\SpringBoot_basicProject\basicProject\target\classes\com\netmatch\core\redis\RedisCacheManager.class]] with [Root bean: class [null]; scope=; abstract=false; lazyInit=false; autowireMode=3; dependencyCheck=0; autowireCandidate=true; primary=false; factoryBeanName=shiroConfiguration; factoryMethodName=redisCacheManager; initMethodName=null; destroyMethodName=(inferred); defined in class path resource [com/netmatch/core/shiro/ShiroConfiguration.class]]
2018-02-01 13:38:12.784  INFO 10692 --- [main] o.s.b.f.s.DefaultListableBeanFactory     : Overriding bean definition for bean 'redisSessionDAO' with a different definition: replacing [Generic bean: class [com.netmatch.core.redis.RedisSessionDAO]; scope=singleton; abstract=false; lazyInit=false; autowireMode=0; dependencyCheck=0; autowireCandidate=true; primary=false; factoryBeanName=null; factoryMethodName=null; initMethodName=null; destroyMethodName=null; defined in file [E:\IntellijIDEAworkspace\SpringBoot_basicProject\basicProject\target\classes\com\netmatch\core\redis\RedisSessionDAO.class]] with [Root bean: class [null]; scope=; abstract=false; lazyInit=false; autowireMode=3; dependencyCheck=0; autowireCandidate=true; primary=false; factoryBeanName=shiroConfiguration; factoryMethodName=redisSessionDAO; initMethodName=null; destroyMethodName=(inferred); defined in class path resource [com/netmatch/core/shiro/ShiroConfiguration.class]]
2018-02-01 13:38:12.784  INFO 10692 --- [main] o.s.b.f.s.DefaultListableBeanFactory     : Overriding bean definition for bean 'customSessionListener' with a different definition: replacing [Generic bean: class [com.netmatch.core.shiro.CustomSessionListener]; scope=singleton; abstract=false; lazyInit=false; autowireMode=0; dependencyCheck=0; autowireCandidate=true; primary=false; factoryBeanName=null; factoryMethodName=null; initMethodName=null; destroyMethodName=null; defined in file [E:\IntellijIDEAworkspace\SpringBoot_basicProject\basicProject\target\classes\com\netmatch\core\shiro\CustomSessionListener.class]] with [Root bean: class [null]; scope=; abstract=false; lazyInit=false; autowireMode=3; dependencyCheck=0; autowireCandidate=true; primary=false; factoryBeanName=shiroConfiguration; factoryMethodName=customSessionListener; initMethodName=null; destroyMethodName=(inferred); defined in class path resource [com/netmatch/core/shiro/ShiroConfiguration.class]]
2018-02-01 13:38:12.873  INFO 10692 --- [main] .s.d.r.c.RepositoryConfigurationDelegate : Multiple Spring Data modules found, entering strict repository configuration mode!
2018-02-01 13:38:13.048  WARN 10692 --- [main] o.s.c.a.ConfigurationClassPostProcessor  : Cannot enhance @Configuration bean definition 'myBatisMapperScannerConfig' since its singleton instance has been created too early. The typical cause is a non-static @Bean method with a BeanDefinitionRegistryPostProcessor return type: Consider declaring such methods as 'static'.
2018-02-01 13:38:13.176  INFO 10692 --- [main] o.s.b.f.s.DefaultListableBeanFactory     : Overriding bean definition for bean 'apiFilter' with a different definition: replacing [Generic bean: class [com.netmatch.filter.ApiFilter]; scope=singleton; abstract=false; lazyInit=false; autowireMode=0; dependencyCheck=0; autowireCandidate=true; primary=false; factoryBeanName=null; factoryMethodName=null; initMethodName=null; destroyMethodName=null; defined in file [E:\IntellijIDEAworkspace\SpringBoot_basicProject\basicProject\target\classes\com\netmatch\filter\ApiFilter.class]] with [Root bean: class [org.springframework.boot.web.servlet.FilterRegistrationBean]; scope=; abstract=false; lazyInit=false; autowireMode=0; dependencyCheck=0; autowireCandidate=true; primary=false; factoryBeanName=null; factoryMethodName=null; initMethodName=null; destroyMethodName=null]
2018-02-01 13:38:13.195  INFO 10692 --- [main] trationDelegate$BeanPostProcessorChecker : Bean 'shiroConfiguration' of type [com.netmatch.core.shiro.ShiroConfiguration$$EnhancerBySpringCGLIB$$adbbac68] is not eligible for getting processed by all BeanPostProcessors (for example: not eligible for auto-proxying)
2018-02-01 13:38:13.254  INFO 10692 --- [main] trationDelegate$BeanPostProcessorChecker : Bean 'adminHashedCredentialsMatcher' of type [org.apache.shiro.authc.credential.HashedCredentialsMatcher] is not eligible for getting processed by all BeanPostProcessors (for example: not eligible for auto-proxying)
2018-02-01 13:38:13.281  INFO 10692 --- [main] trationDelegate$BeanPostProcessorChecker : Bean 'org.springframework.boot.autoconfigure.jdbc.DataSourceConfiguration$Generic' of type [org.springframework.boot.autoconfigure.jdbc.DataSourceConfiguration$Generic] is not eligible for getting processed by all BeanPostProcessors (for example: not eligible for auto-proxying)
2018-02-01 13:38:13.352  INFO 10692 --- [main] trationDelegate$BeanPostProcessorChecker : Bean 'spring.datasource-org.springframework.boot.autoconfigure.jdbc.DataSourceProperties' of type [org.springframework.boot.autoconfigure.jdbc.DataSourceProperties] is not eligible for getting processed by all BeanPostProcessors (for example: not eligible for auto-proxying)
2018-02-01 13:38:13.384  INFO 10692 --- [main] trationDelegate$BeanPostProcessorChecker : Bean 'dataSource' of type [com.alibaba.druid.pool.DruidDataSource] is not eligible for getting processed by all BeanPostProcessors (for example: not eligible for auto-proxying)
2018-02-01 13:38:13.384  INFO 10692 --- [main] trationDelegate$BeanPostProcessorChecker : Bean 'myBatisConfig' of type [com.netmatch.core.MyBatisConfig$$EnhancerBySpringCGLIB$$c5c22a4f] is not eligible for getting processed by all BeanPostProcessors (for example: not eligible for auto-proxying)
2018-02-01 13:38:13.581  INFO 10692 --- [main] trationDelegate$BeanPostProcessorChecker : Bean 'sqlSessionFactory' of type [org.apache.ibatis.session.defaults.DefaultSqlSessionFactory] is not eligible for getting processed by all BeanPostProcessors (for example: not eligible for auto-proxying)
2018-02-01 13:38:13.622  INFO 10692 --- [main] trationDelegate$BeanPostProcessorChecker : Bean 'adminMapper' of type [tk.mybatis.spring.mapper.MapperFactoryBean] is not eligible for getting processed by all BeanPostProcessors (for example: not eligible for auto-proxying)
2018-02-01 13:38:13.624  INFO 10692 --- [main] trationDelegate$BeanPostProcessorChecker : Bean 'adminMapper' of type [com.sun.proxy.$Proxy67] is not eligible for getting processed by all BeanPostProcessors (for example: not eligible for auto-proxying)
2018-02-01 13:38:13.627  INFO 10692 --- [main] trationDelegate$BeanPostProcessorChecker : Bean 'imageMapper' of type [tk.mybatis.spring.mapper.MapperFactoryBean] is not eligible for getting processed by all BeanPostProcessors (for example: not eligible for auto-proxying)
2018-02-01 13:38:13.628  INFO 10692 --- [main] trationDelegate$BeanPostProcessorChecker : Bean 'imageMapper' of type [com.sun.proxy.$Proxy68] is not eligible for getting processed by all BeanPostProcessors (for example: not eligible for auto-proxying)
2018-02-01 13:38:13.628  INFO 10692 --- [main] trationDelegate$BeanPostProcessorChecker : Bean 'imageService' of type [com.netmatch.service.common.ImageService] is not eligible for getting processed by all BeanPostProcessors (for example: not eligible for auto-proxying)
2018-02-01 13:38:13.628  INFO 10692 --- [main] trationDelegate$BeanPostProcessorChecker : Bean 'adminService' of type [com.netmatch.service.console.AdminService] is not eligible for getting processed by all BeanPostProcessors (for example: not eligible for auto-proxying)
2018-02-01 13:38:13.652  INFO 10692 --- [main] trationDelegate$BeanPostProcessorChecker : Bean 'roleMapper' of type [tk.mybatis.spring.mapper.MapperFactoryBean] is not eligible for getting processed by all BeanPostProcessors (for example: not eligible for auto-proxying)
2018-02-01 13:38:13.653  INFO 10692 --- [main] trationDelegate$BeanPostProcessorChecker : Bean 'roleMapper' of type [com.sun.proxy.$Proxy69] is not eligible for getting processed by all BeanPostProcessors (for example: not eligible for auto-proxying)
2018-02-01 13:38:13.653  INFO 10692 --- [main] trationDelegate$BeanPostProcessorChecker : Bean 'roleService' of type [com.netmatch.service.console.RoleService] is not eligible for getting processed by all BeanPostProcessors (for example: not eligible for auto-proxying)
2018-02-01 13:38:13.677  INFO 10692 --- [main] trationDelegate$BeanPostProcessorChecker : Bean 'menuMapper' of type [tk.mybatis.spring.mapper.MapperFactoryBean] is not eligible for getting processed by all BeanPostProcessors (for example: not eligible for auto-proxying)
2018-02-01 13:38:13.678  INFO 10692 --- [main] trationDelegate$BeanPostProcessorChecker : Bean 'menuMapper' of type [com.sun.proxy.$Proxy70] is not eligible for getting processed by all BeanPostProcessors (for example: not eligible for auto-proxying)
2018-02-01 13:38:13.679  INFO 10692 --- [main] trationDelegate$BeanPostProcessorChecker : Bean 'menuService' of type [com.netmatch.service.console.MenuService] is not eligible for getting processed by all BeanPostProcessors (for example: not eligible for auto-proxying)
2018-02-01 13:38:13.679  INFO 10692 --- [main] org.apache.shiro.realm.AuthorizingRealm  : No cache or cacheManager properties have been set.  Authorization cache cannot be obtained.
2018-02-01 13:38:13.679  INFO 10692 --- [main] trationDelegate$BeanPostProcessorChecker : Bean 'adminShiroRealm' of type [com.netmatch.core.shiro.AdminShiroRealm] is not eligible for getting processed by all BeanPostProcessors (for example: not eligible for auto-proxying)
2018-02-01 13:38:13.680  INFO 10692 --- [main] trationDelegate$BeanPostProcessorChecker : Bean 'customHashedCredentialsMatcher' of type [org.apache.shiro.authc.credential.HashedCredentialsMatcher] is not eligible for getting processed by all BeanPostProcessors (for example: not eligible for auto-proxying)
2018-02-01 13:38:13.706  INFO 10692 --- [main] trationDelegate$BeanPostProcessorChecker : Bean 'memberMapper' of type [tk.mybatis.spring.mapper.MapperFactoryBean] is not eligible for getting processed by all BeanPostProcessors (for example: not eligible for auto-proxying)
2018-02-01 13:38:13.708  INFO 10692 --- [main] trationDelegate$BeanPostProcessorChecker : Bean 'memberMapper' of type [com.sun.proxy.$Proxy71] is not eligible for getting processed by all BeanPostProcessors (for example: not eligible for auto-proxying)
2018-02-01 13:38:13.708  INFO 10692 --- [main] trationDelegate$BeanPostProcessorChecker : Bean 'memberService' of type [com.netmatch.service.member.MemberService] is not eligible for getting processed by all BeanPostProcessors (for example: not eligible for auto-proxying)
2018-02-01 13:38:13.708  INFO 10692 --- [main] org.apache.shiro.realm.AuthorizingRealm  : No cache or cacheManager properties have been set.  Authorization cache cannot be obtained.
2018-02-01 13:38:13.708  INFO 10692 --- [main] trationDelegate$BeanPostProcessorChecker : Bean 'customShiroRealm' of type [com.netmatch.core.shiro.CustomShiroRealm] is not eligible for getting processed by all BeanPostProcessors (for example: not eligible for auto-proxying)
2018-02-01 13:38:13.712  INFO 10692 --- [main] trationDelegate$BeanPostProcessorChecker : Bean 'authenticationStrategy' of type [org.apache.shiro.authc.pam.FirstSuccessfulStrategy] is not eligible for getting processed by all BeanPostProcessors (for example: not eligible for auto-proxying)
2018-02-01 13:38:13.724  INFO 10692 --- [main] trationDelegate$BeanPostProcessorChecker : Bean 'redisConfiguration' of type [com.netmatch.core.redis.RedisConfiguration$$EnhancerBySpringCGLIB$$784f5ed4] is not eligible for getting processed by all BeanPostProcessors (for example: not eligible for auto-proxying)
2018-02-01 13:38:13.728  INFO 10692 --- [main] uration$$EnhancerBySpringCGLIB$$784f5ed4 : redisTemplatet注入成功！！
2018-02-01 13:38:13.739  INFO 10692 --- [main] trationDelegate$BeanPostProcessorChecker : Bean 'getJedisPoolConfig' of type [redis.clients.jedis.JedisPoolConfig] is not eligible for getting processed by all BeanPostProcessors (for example: not eligible for auto-proxying)
2018-02-01 13:38:13.740  INFO 10692 --- [main] uration$$EnhancerBySpringCGLIB$$784f5ed4 : JedisConnectionFactory注入成功！！
2018-02-01 13:38:13.754  INFO 10692 --- [main] trationDelegate$BeanPostProcessorChecker : Bean 'jedisConnectionFactory' of type [org.springframework.data.redis.connection.jedis.JedisConnectionFactory] is not eligible for getting processed by all BeanPostProcessors (for example: not eligible for auto-proxying)
2018-02-01 13:38:13.767  INFO 10692 --- [main] trationDelegate$BeanPostProcessorChecker : Bean 'getRedisTemplate' of type [org.springframework.data.redis.core.RedisTemplate] is not eligible for getting processed by all BeanPostProcessors (for example: not eligible for auto-proxying)
2018-02-01 13:38:13.768  INFO 10692 --- [main] trationDelegate$BeanPostProcessorChecker : Bean 'redisSessionDAO' of type [com.netmatch.core.redis.RedisSessionDAO] is not eligible for getting processed by all BeanPostProcessors (for example: not eligible for auto-proxying)
2018-02-01 13:38:13.771  INFO 10692 --- [main] trationDelegate$BeanPostProcessorChecker : Bean 'customSessionListener' of type [com.netmatch.core.shiro.CustomSessionListener] is not eligible for getting processed by all BeanPostProcessors (for example: not eligible for auto-proxying)
2018-02-01 13:38:13.778  INFO 10692 --- [main] trationDelegate$BeanPostProcessorChecker : Bean 'sessionManager' of type [org.apache.shiro.web.session.mgt.DefaultWebSessionManager] is not eligible for getting processed by all BeanPostProcessors (for example: not eligible for auto-proxying)
2018-02-01 13:38:13.785  INFO 10692 --- [main] trationDelegate$BeanPostProcessorChecker : Bean 'securityManager' of type [org.apache.shiro.web.mgt.DefaultWebSecurityManager] is not eligible for getting processed by all BeanPostProcessors (for example: not eligible for auto-proxying)
2018-02-01 13:38:13.825  INFO 10692 --- [main] trationDelegate$BeanPostProcessorChecker : Bean 'authorizationAttributeSourceAdvisor' of type [org.apache.shiro.spring.security.interceptor.AuthorizationAttributeSourceAdvisor] is not eligible for getting processed by all BeanPostProcessors (for example: not eligible for auto-proxying)
2018-02-01 13:38:13.842  INFO 10692 --- [main] trationDelegate$BeanPostProcessorChecker : Bean 'org.springframework.cache.annotation.ProxyCachingConfiguration' of type [org.springframework.cache.annotation.ProxyCachingConfiguration$$EnhancerBySpringCGLIB$$86e80b09] is not eligible for getting processed by all BeanPostProcessors (for example: not eligible for auto-proxying)
2018-02-01 13:38:13.971  INFO 10692 --- [main] trationDelegate$BeanPostProcessorChecker : Bean 'annotationDrivenTransactionManager' of type [org.springframework.jdbc.datasource.DataSourceTransactionManager] is not eligible for getting processed by all BeanPostProcessors (for example: not eligible for auto-proxying)
2018-02-01 13:38:13.981  INFO 10692 --- [main] trationDelegate$BeanPostProcessorChecker : Bean 'org.springframework.transaction.annotation.ProxyTransactionManagementConfiguration' of type [org.springframework.transaction.annotation.ProxyTransactionManagementConfiguration$$EnhancerBySpringCGLIB$$3dd5d4eb] is not eligible for getting processed by all BeanPostProcessors (for example: not eligible for auto-proxying)
2018-02-01 13:38:14.203  INFO 10692 --- [main] s.b.c.e.t.TomcatEmbeddedServletContainer : Tomcat initialized with port(s): 8000 (http)
2018-02-01 13:38:14.210  INFO 10692 --- [main] o.apache.catalina.core.StandardService   : Starting service Tomcat
2018-02-01 13:38:14.211  INFO 10692 --- [main] org.apache.catalina.core.StandardEngine  : Starting Servlet Engine: Apache Tomcat/8.5.11
2018-02-01 13:38:14.304  INFO 10692 --- [localhost-startStop-1] o.a.c.c.C.[Tomcat].[localhost].[/]       : Initializing Spring embedded WebApplicationContext
2018-02-01 13:38:14.304  INFO 10692 --- [localhost-startStop-1] o.s.web.context.ContextLoader            : Root WebApplicationContext: initialization completed in 1958 ms
2018-02-01 13:38:14.531  INFO 10692 --- [localhost-startStop-1] o.s.b.w.servlet.FilterRegistrationBean   : Mapping filter: 'characterEncodingFilter' to: [/*]
2018-02-01 13:38:14.531  INFO 10692 --- [localhost-startStop-1] o.s.b.w.servlet.FilterRegistrationBean   : Mapping filter: 'apiFilter' to urls: [/api/member/*]
2018-02-01 13:38:14.532  INFO 10692 --- [localhost-startStop-1] o.s.b.w.servlet.FilterRegistrationBean   : Mapping filter: 'shirFilter' to: [/*]
2018-02-01 13:38:14.532  INFO 10692 --- [localhost-startStop-1] o.s.b.w.servlet.ServletRegistrationBean  : Mapping servlet: 'dispatcherServlet' to [/]
2018-02-01 13:38:14.926  INFO 10692 --- [main] uration$$EnhancerBySpringCGLIB$$784f5ed4 : JedisPool注入成功！！
2018-02-01 13:38:14.932  INFO 10692 --- [main] uration$$EnhancerBySpringCGLIB$$784f5ed4 : cacheManager注入成功！！
2018-02-01 13:38:15.048  INFO 10692 --- [main] s.w.s.m.m.a.RequestMappingHandlerMapping : Mapped "{[/api/member/index],methods=[GET]}" onto public org.springframework.ui.ModelMap com.netmatch.controller.api.ApiMemberController.index(javax.servlet.http.HttpServletRequest)
2018-02-01 13:38:15.049  INFO 10692 --- [main] s.w.s.m.m.a.RequestMappingHandlerMapping : Mapped "{[/api/oauth/token],methods=[POST]}" onto public org.springframework.ui.ModelMap com.netmatch.controller.api.ApiPublicController.doLogin(com.netmatch.model.valid.ValidMember,org.springframework.validation.BindingResult)
2018-02-01 13:38:15.050  INFO 10692 --- [main] s.w.s.m.m.a.RequestMappingHandlerMapping : Mapped "{[/console/admin/index],methods=[GET]}" onto public java.lang.String com.netmatch.controller.console.AdminController.index(org.springframework.ui.Model)
2018-02-01 13:38:15.051  INFO 10692 --- [main] s.w.s.m.m.a.RequestMappingHandlerMapping : Mapped "{[/console/admin/delete],methods=[GET]}" onto public org.springframework.ui.ModelMap com.netmatch.controller.console.AdminController.delete(java.lang.String[])
2018-02-01 13:38:15.051  INFO 10692 --- [main] s.w.s.m.m.a.RequestMappingHandlerMapping : Mapped "{[/console/admin/list],methods=[GET]}" onto public org.springframework.ui.ModelMap com.netmatch.controller.console.AdminController.list(com.netmatch.model.console.Admin)
2018-02-01 13:38:15.051  INFO 10692 --- [main] s.w.s.m.m.a.RequestMappingHandlerMapping : Mapped "{[/console/admin/save],methods=[POST]}" onto public org.springframework.ui.ModelMap com.netmatch.controller.console.AdminController.save(com.netmatch.model.console.Admin,org.springframework.validation.BindingResult)
2018-02-01 13:38:15.051  INFO 10692 --- [main] s.w.s.m.m.a.RequestMappingHandlerMapping : Mapped "{[/console/admin/from],methods=[GET]}" onto public java.lang.String com.netmatch.controller.console.AdminController.from(com.netmatch.model.console.Admin,org.springframework.ui.Model)
2018-02-01 13:38:15.051  INFO 10692 --- [main] s.w.s.m.m.a.RequestMappingHandlerMapping : Mapped "{[/console/admin/savepwd],methods=[POST]}" onto public org.springframework.ui.ModelMap com.netmatch.controller.console.AdminController.editPwd(java.lang.String,java.lang.String)
2018-02-01 13:38:15.052  INFO 10692 --- [main] s.w.s.m.m.a.RequestMappingHandlerMapping : Mapped "{[/console/upload/index]}" onto public java.lang.String com.netmatch.controller.console.FileUploadController.index()
2018-02-01 13:38:15.052  INFO 10692 --- [main] s.w.s.m.m.a.RequestMappingHandlerMapping : Mapped "{[/console/log/index],methods=[GET]}" onto public java.lang.String com.netmatch.controller.console.LogController.index(org.springframework.ui.Model)
2018-02-01 13:38:15.052  INFO 10692 --- [main] s.w.s.m.m.a.RequestMappingHandlerMapping : Mapped "{[/console/log/list],methods=[GET]}" onto public org.springframework.ui.ModelMap com.netmatch.controller.console.LogController.list(com.netmatch.model.console.Log)
2018-02-01 13:38:15.053  INFO 10692 --- [main] s.w.s.m.m.a.RequestMappingHandlerMapping : Mapped "{[/console/index],methods=[GET]}" onto public java.lang.String com.netmatch.controller.console.MainController.index(org.springframework.ui.Model)
2018-02-01 13:38:15.053  INFO 10692 --- [main] s.w.s.m.m.a.RequestMappingHandlerMapping : Mapped "{[/console/main],methods=[POST]}" onto public org.springframework.ui.ModelMap com.netmatch.controller.console.MainController.main()
2018-02-01 13:38:15.053  INFO 10692 --- [main] s.w.s.m.m.a.RequestMappingHandlerMapping : Mapped "{[/console/main],methods=[GET]}" onto public java.lang.String com.netmatch.controller.console.MainController.right(org.springframework.ui.Model)
2018-02-01 13:38:15.053  INFO 10692 --- [main] s.w.s.m.m.a.RequestMappingHandlerMapping : Mapped "{[/console/wapper],methods=[GET]}" onto public org.springframework.ui.ModelMap com.netmatch.controller.console.MainController.wapper()
2018-02-01 13:38:15.056  INFO 10692 --- [main] s.w.s.m.m.a.RequestMappingHandlerMapping : Mapped "{[/console/menu/index],methods=[GET]}" onto public java.lang.String com.netmatch.controller.console.MenuController.index(org.springframework.ui.Model)
2018-02-01 13:38:15.056  INFO 10692 --- [main] s.w.s.m.m.a.RequestMappingHandlerMapping : Mapped "{[/console/menu/from],methods=[GET]}" onto public java.lang.String com.netmatch.controller.console.MenuController.add(com.netmatch.model.console.Menu,org.springframework.ui.Model)
2018-02-01 13:38:15.056  INFO 10692 --- [main] s.w.s.m.m.a.RequestMappingHandlerMapping : Mapped "{[/console/menu/delete],methods=[GET]}" onto public org.springframework.ui.ModelMap com.netmatch.controller.console.MenuController.delete(java.lang.String[])
2018-02-01 13:38:15.056  INFO 10692 --- [main] s.w.s.m.m.a.RequestMappingHandlerMapping : Mapped "{[/console/menu/list],methods=[GET]}" onto public org.springframework.ui.ModelMap com.netmatch.controller.console.MenuController.list()
2018-02-01 13:38:15.057  INFO 10692 --- [main] s.w.s.m.m.a.RequestMappingHandlerMapping : Mapped "{[/console/menu/save],methods=[POST]}" onto public org.springframework.ui.ModelMap com.netmatch.controller.console.MenuController.save(com.netmatch.model.console.Menu,org.springframework.validation.BindingResult)
2018-02-01 13:38:15.057  INFO 10692 --- [main] s.w.s.m.m.a.RequestMappingHandlerMapping : Mapped "{[/console/menu/listorder],methods=[POST]}" onto public org.springframework.ui.ModelMap com.netmatch.controller.console.MenuController.updateOrder(java.lang.String,java.lang.Integer)
2018-02-01 13:38:15.057  INFO 10692 --- [main] s.w.s.m.m.a.RequestMappingHandlerMapping : Mapped "{[/console/logout],methods=[GET]}" onto public java.lang.String com.netmatch.controller.console.PublicController.logout(org.springframework.web.servlet.mvc.support.RedirectAttributes)
2018-02-01 13:38:15.057  INFO 10692 --- [main] s.w.s.m.m.a.RequestMappingHandlerMapping : Mapped "{[/console/403]}" onto public java.lang.String com.netmatch.controller.console.PublicController.unauthorizedRole()
2018-02-01 13:38:15.057  INFO 10692 --- [main] s.w.s.m.m.a.RequestMappingHandlerMapping : Mapped "{[/console/login],methods=[POST]}" onto public java.lang.String com.netmatch.controller.console.PublicController.loginPost(com.netmatch.model.valid.ValidAdmin,org.springframework.validation.BindingResult,org.springframework.web.servlet.mvc.support.RedirectAttributes,javax.servlet.http.HttpServletRequest)
2018-02-01 13:38:15.058  INFO 10692 --- [main] s.w.s.m.m.a.RequestMappingHandlerMapping : Mapped "{[/console/login],methods=[GET]}" onto public java.lang.String com.netmatch.controller.console.PublicController.loginForm()
2018-02-01 13:38:15.059  INFO 10692 --- [main] s.w.s.m.m.a.RequestMappingHandlerMapping : Mapped "{[/console/role/index],methods=[GET]}" onto public java.lang.String com.netmatch.controller.console.RoleController.index(org.springframework.ui.Model)
2018-02-01 13:38:15.059  INFO 10692 --- [main] s.w.s.m.m.a.RequestMappingHandlerMapping : Mapped "{[/console/role/delete],methods=[GET]}" onto public org.springframework.ui.ModelMap com.netmatch.controller.console.RoleController.delete(java.lang.String[])
2018-02-01 13:38:15.060  INFO 10692 --- [main] s.w.s.m.m.a.RequestMappingHandlerMapping : Mapped "{[/console/role/list],methods=[GET]}" onto public org.springframework.ui.ModelMap com.netmatch.controller.console.RoleController.list(com.netmatch.model.console.Role)
2018-02-01 13:38:15.060  INFO 10692 --- [main] s.w.s.m.m.a.RequestMappingHandlerMapping : Mapped "{[/console/role/save],methods=[POST]}" onto public org.springframework.ui.ModelMap com.netmatch.controller.console.RoleController.save(com.netmatch.model.console.Role,org.springframework.validation.BindingResult)
2018-02-01 13:38:15.060  INFO 10692 --- [main] s.w.s.m.m.a.RequestMappingHandlerMapping : Mapped "{[/console/role/from],methods=[GET]}" onto public java.lang.String com.netmatch.controller.console.RoleController.from(com.netmatch.model.console.Role,org.springframework.ui.Model)
2018-02-01 13:38:15.060  INFO 10692 --- [main] s.w.s.m.m.a.RequestMappingHandlerMapping : Mapped "{[/console/role/grant],methods=[POST]}" onto public org.springframework.ui.ModelMap com.netmatch.controller.console.RoleController.grant(java.lang.String,java.lang.String[])
2018-02-01 13:38:15.060  INFO 10692 --- [main] s.w.s.m.m.a.RequestMappingHandlerMapping : Mapped "{[/console/role/combobox],methods=[POST || GET]}" onto public org.springframework.ui.ModelMap com.netmatch.controller.console.RoleController.comboBox()
2018-02-01 13:38:15.061  INFO 10692 --- [main] s.w.s.m.m.a.RequestMappingHandlerMapping : Mapped "{[/console/role/menutree],methods=[POST || GET]}" onto public org.springframework.ui.ModelMap com.netmatch.controller.console.RoleController.comboTree(java.lang.String)
2018-02-01 13:38:15.061  INFO 10692 --- [main] s.w.s.m.m.a.RequestMappingHandlerMapping : Mapped "{[/console/role/grant],methods=[GET]}" onto public java.lang.String com.netmatch.controller.console.RoleController.grantForm(java.lang.String,org.springframework.ui.Model)
2018-02-01 13:38:15.061  INFO 10692 --- [main] s.w.s.m.m.a.RequestMappingHandlerMapping : Mapped "{[/console/role/menulist],methods=[GET]}" onto public org.springframework.ui.ModelMap com.netmatch.controller.console.RoleController.menulist(java.lang.String)
2018-02-01 13:38:15.062  INFO 10692 --- [main] s.w.s.m.m.a.RequestMappingHandlerMapping : Mapped "{[/console/regions/index],methods=[GET]}" onto public java.lang.String com.netmatch.controller.console.sys.RegionsController.index(org.springframework.ui.Model)
2018-02-01 13:38:15.062  INFO 10692 --- [main] s.w.s.m.m.a.RequestMappingHandlerMapping : Mapped "{[/console/regions/list],methods=[POST],produces=[html/text;charset=UTF-8]}" onto public org.springframework.ui.ModelMap com.netmatch.controller.console.sys.RegionsController.list(com.netmatch.model.console.sys.Regions)
2018-02-01 13:38:15.062  INFO 10692 --- [main] s.w.s.m.m.a.RequestMappingHandlerMapping : Mapped "{[/console/regions/list2],methods=[POST],produces=[html/text;charset=UTF-8]}" onto public java.lang.String com.netmatch.controller.console.sys.RegionsController.list2(com.netmatch.model.console.sys.Regions)
2018-02-01 13:38:15.063  INFO 10692 --- [main] s.w.s.m.m.a.RequestMappingHandlerMapping : Mapped "{[/image/fileupload],methods=[POST]}" onto public org.springframework.web.servlet.ModelAndView com.netmatch.controller.console.UploadImgController.uploadHeadImage(java.lang.String,java.lang.String,java.lang.String,java.lang.String,java.lang.String,org.springframework.web.multipart.MultipartFile) throws java.lang.Exception
2018-02-01 13:38:15.063  INFO 10692 --- [main] s.w.s.m.m.a.RequestMappingHandlerMapping : Mapped "{[/console/member/index],methods=[GET]}" onto public java.lang.String com.netmatch.controller.console.UserController.index(org.springframework.ui.Model)
2018-02-01 13:38:15.063  INFO 10692 --- [main] s.w.s.m.m.a.RequestMappingHandlerMapping : Mapped "{[/console/member/list],methods=[GET]}" onto public org.springframework.ui.ModelMap com.netmatch.controller.console.UserController.list(com.netmatch.model.member.Member)
2018-02-01 13:38:15.064  INFO 10692 --- [main] s.w.s.m.m.a.RequestMappingHandlerMapping : Mapped "{[]}" onto public java.lang.String com.netmatch.controller.IndexController.index(org.springframework.ui.Model)
2018-02-01 13:38:15.064  INFO 10692 --- [main] s.w.s.m.m.a.RequestMappingHandlerMapping : Mapped "{[/403]}" onto public java.lang.String com.netmatch.controller.IndexController.forbidden()
2018-02-01 13:38:15.064  INFO 10692 --- [main] s.w.s.m.m.a.RequestMappingHandlerMapping : Mapped "{[/member/index]}" onto public java.lang.String com.netmatch.controller.member.HomeController.index(org.springframework.ui.Model)
2018-02-01 13:38:15.064  INFO 10692 --- [main] s.w.s.m.m.a.RequestMappingHandlerMapping : Mapped "{[/member/reg],methods=[GET]}" onto public java.lang.String com.netmatch.controller.member.HomeController.reg()
2018-02-01 13:38:15.065  INFO 10692 --- [main] s.w.s.m.m.a.RequestMappingHandlerMapping : Mapped "{[/member/login],methods=[GET]}" onto public java.lang.String com.netmatch.controller.member.HomeController.login()
2018-02-01 13:38:15.065  INFO 10692 --- [main] s.w.s.m.m.a.RequestMappingHandlerMapping : Mapped "{[/member/logout],methods=[GET]}" onto public java.lang.String com.netmatch.controller.member.MemberController.logout()
2018-02-01 13:38:15.065  INFO 10692 --- [main] s.w.s.m.m.a.RequestMappingHandlerMapping : Mapped "{[/member/login],methods=[POST]}" onto public org.springframework.ui.ModelMap com.netmatch.controller.member.MemberController.doLogin(com.netmatch.model.valid.ValidMember,org.springframework.validation.BindingResult,org.springframework.web.servlet.mvc.support.RedirectAttributes)
2018-02-01 13:38:15.065  INFO 10692 --- [main] s.w.s.m.m.a.RequestMappingHandlerMapping : Mapped "{[/member/reg],methods=[POST]}" onto public org.springframework.ui.ModelMap com.netmatch.controller.member.MemberController.doReg(com.netmatch.model.member.Member,org.springframework.validation.BindingResult)
2018-02-01 13:38:15.068  INFO 10692 --- [main] s.w.s.m.m.a.RequestMappingHandlerMapping : Mapped "{[/error]}" onto public org.springframework.http.ResponseEntity<java.util.Map<java.lang.String, java.lang.Object>> org.springframework.boot.autoconfigure.web.BasicErrorController.error(javax.servlet.http.HttpServletRequest)
2018-02-01 13:38:15.069  INFO 10692 --- [main] s.w.s.m.m.a.RequestMappingHandlerMapping : Mapped "{[/error],produces=[text/html]}" onto public org.springframework.web.servlet.ModelAndView org.springframework.boot.autoconfigure.web.BasicErrorController.errorHtml(javax.servlet.http.HttpServletRequest,javax.servlet.http.HttpServletResponse)
2018-02-01 13:38:15.124  INFO 10692 --- [main] o.s.w.s.handler.SimpleUrlHandlerMapping  : Mapped URL path [/static/**] onto handler of type [class org.springframework.web.servlet.resource.ResourceHttpRequestHandler]
2018-02-01 13:38:15.124  INFO 10692 --- [main] o.s.w.s.handler.SimpleUrlHandlerMapping  : Mapped URL path [/app/**] onto handler of type [class org.springframework.web.servlet.resource.ResourceHttpRequestHandler]
2018-02-01 13:38:15.213  INFO 10692 --- [main] s.w.s.m.m.a.RequestMappingHandlerAdapter : Looking for @ControllerAdvice: org.springframework.boot.context.embedded.AnnotationConfigEmbeddedWebApplicationContext@4fb0f2b9: startup date [Thu Feb 01 13:38:12 CST 2018]; root of context hierarchy
2018-02-01 13:38:16.089  INFO 10692 --- [main] o.s.j.e.a.AnnotationMBeanExporter        : Registering beans for JMX exposure on startup
2018-02-01 13:38:16.090  INFO 10692 --- [main] o.s.j.e.a.AnnotationMBeanExporter        : Bean with name 'dataSource' has been autodetected for JMX exposure
2018-02-01 13:38:16.094  INFO 10692 --- [main] o.s.j.e.a.AnnotationMBeanExporter        : Located MBean 'dataSource': registering with JMX server as MBean [com.alibaba.druid.pool:name=dataSource,type=DruidDataSource]
2018-02-01 13:38:16.133  INFO 10692 --- [main] s.b.c.e.t.TomcatEmbeddedServletContainer : Tomcat started on port(s): 8000 (http)
2018-02-01 13:38:16.137  INFO 10692 --- [main] com.netmatch.Application                 : Started Application in 4.328 seconds (JVM running for 5.242)
2018-02-01 13:38:48.937  INFO 10692 --- [http-nio-8000-exec-1] o.a.c.c.C.[Tomcat].[localhost].[/]       : Initializing Spring FrameworkServlet 'dispatcherServlet'
2018-02-01 13:38:48.937  INFO 10692 --- [http-nio-8000-exec-1] o.s.web.servlet.DispatcherServlet        : FrameworkServlet 'dispatcherServlet': initialization started
2018-02-01 13:38:48.990  INFO 10692 --- [http-nio-8000-exec-1] o.s.web.servlet.DispatcherServlet        : FrameworkServlet 'dispatcherServlet': initialization completed in 52 ms
2018-02-01 13:38:49.021  INFO 10692 --- [http-nio-8000-exec-1] a.s.s.m.AbstractValidatingSessionManager : Enabling session validation scheduler...
2018-02-01 13:38:52.824  WARN 10692 --- [http-nio-8000-exec-9] o.s.web.servlet.PageNotFound             : No mapping found for HTTP request with URI [/favicon.ico] in DispatcherServlet with name 'dispatcherServlet'
2018-02-01 13:38:57.088  INFO 10692 --- [http-nio-8000-exec-10] c.n.controller.console.PublicController  : 对用户[admin]进行登录验证..验证开始
2018-02-01 13:38:57.596  INFO 10692 --- [http-nio-8000-exec-10] com.alibaba.druid.pool.DruidDataSource   : {dataSource-1} inited
2018-02-01 13:38:57.867 DEBUG 10692 --- [http-nio-8000-exec-10] c.n.m.c.AdminMapper.selectByUsername     : ==>  Preparing: select * from admin where username = ?; 
2018-02-01 13:38:57.879 DEBUG 10692 --- [http-nio-8000-exec-10] c.n.m.c.AdminMapper.selectByUsername     : ==> Parameters: admin(String)
2018-02-01 13:38:57.893 DEBUG 10692 --- [http-nio-8000-exec-10] c.n.m.c.AdminMapper.selectByUsername     : <==      Total: 1
2018-02-01 13:38:58.125  INFO 10692 --- [http-nio-8000-exec-10] c.n.core.shiro.CustomSessionListener     : onStart:493b253c-3e47-4a46-94db-550c6ed880b7
2018-02-01 13:38:58.136  INFO 10692 --- [http-nio-8000-exec-10] c.n.controller.console.PublicController  : 对用户[admin]进行登录验证..验证通过
2018-02-01 13:38:58.137  INFO 10692 --- [http-nio-8000-exec-10] c.n.controller.console.PublicController  : 用户[admin]登录认证通过(这里可以进行一些认证通过后的一些系统参数初始化操作)
2018-02-01 13:38:58.192 DEBUG 10692 --- [http-nio-8000-exec-10] c.n.mapper.console.LogMapper.insert      : ==>  Preparing: INSERT INTO log ( log_id,log_user,log_time,log_ip,log_action ) VALUES( ?,?,?,?,? ) 
2018-02-01 13:38:58.193 DEBUG 10692 --- [http-nio-8000-exec-10] c.n.mapper.console.LogMapper.insert      : ==> Parameters: 6f790db1eb864067bd5dcfe8caa55ef1(String), admin(String), 2018-02-01 13:38:58(String), 127.0.0.1(String), (String)
2018-02-01 13:38:58.218 DEBUG 10692 --- [http-nio-8000-exec-10] c.n.mapper.console.LogMapper.insert      : <==    Updates: 1
2018-02-01 13:38:58.242 DEBUG 10692 --- [http-nio-8000-exec-1] c.n.m.c.AdminMapper.selectByUsername     : ==>  Preparing: select * from admin where username = ?; 
2018-02-01 13:38:58.243 DEBUG 10692 --- [http-nio-8000-exec-1] c.n.m.c.AdminMapper.selectByUsername     : ==> Parameters: admin(String)
2018-02-01 13:38:58.247 DEBUG 10692 --- [http-nio-8000-exec-1] c.n.m.c.AdminMapper.selectByUsername     : <==      Total: 1
2018-02-01 13:38:58.255 DEBUG 10692 --- [http-nio-8000-exec-1] c.n.m.c.ImageMapper.selectByPrimaryKey   : ==>  Preparing: select img_id, img_name, img_file_name, img_url, img_suffix, create_time, update_time, create_id, update_id, remarks, status from images where img_id = ? 
2018-02-01 13:38:58.255 DEBUG 10692 --- [http-nio-8000-exec-1] c.n.m.c.ImageMapper.selectByPrimaryKey   : ==> Parameters: c530d663a14445aaaaa6ab7d42ec4ee4(String)
2018-02-01 13:38:58.259 DEBUG 10692 --- [http-nio-8000-exec-1] c.n.m.c.ImageMapper.selectByPrimaryKey   : <==      Total: 1
2018-02-01 13:38:58.259 DEBUG 10692 --- [http-nio-8000-exec-1] c.n.m.console.MenuMapper.selectAllMenu   : ==>  Preparing: select m.menu_id, m.menu_name, m.menu_type, m.menu_url, m.menu_code, m.parent_id, r.role_id as roleid ,r.role_name,r.enable,a.uid as adminid,a.username,a.state from menu m left join role_menu rm on m.menu_id = rm.menu_id left join role r on r.role_id = rm.role_id left join admin_role ar on r.role_id = ar.role_id left join admin a on a.uid = ar.admin_id where m.menu_type <> 'button' order by m.listorder asc,m.created_at asc 
2018-02-01 13:38:58.260 DEBUG 10692 --- [http-nio-8000-exec-1] c.n.m.console.MenuMapper.selectAllMenu   : ==> Parameters: 
2018-02-01 13:38:58.270 DEBUG 10692 --- [http-nio-8000-exec-1] c.n.m.console.MenuMapper.selectAllMenu   : <==      Total: 22
2018-02-01 13:38:58.475 DEBUG 10692 --- [http-nio-8000-exec-5] c.n.m.c.A.selectCountByExample           : ==>  Preparing: SELECT COUNT(uid) FROM admin 
2018-02-01 13:38:58.476 DEBUG 10692 --- [http-nio-8000-exec-5] c.n.m.c.A.selectCountByExample           : ==> Parameters: 
2018-02-01 13:38:58.479 DEBUG 10692 --- [http-nio-8000-exec-5] c.n.m.c.A.selectCountByExample           : <==      Total: 1
2018-02-01 13:38:58.480 DEBUG 10692 --- [http-nio-8000-exec-5] c.n.m.c.RoleMapper.selectCountByExample  : ==>  Preparing: SELECT COUNT(role_id) FROM role 
2018-02-01 13:38:58.480 DEBUG 10692 --- [http-nio-8000-exec-5] c.n.m.c.RoleMapper.selectCountByExample  : ==> Parameters: 
2018-02-01 13:38:58.483 DEBUG 10692 --- [http-nio-8000-exec-5] c.n.m.c.RoleMapper.selectCountByExample  : <==      Total: 1
2018-02-01 13:38:58.484 DEBUG 10692 --- [http-nio-8000-exec-5] c.n.m.c.MenuMapper.selectCountByExample  : ==>  Preparing: SELECT COUNT(menu_id) FROM menu 
2018-02-01 13:38:58.484 DEBUG 10692 --- [http-nio-8000-exec-5] c.n.m.c.MenuMapper.selectCountByExample  : ==> Parameters: 
2018-02-01 13:38:58.487 DEBUG 10692 --- [http-nio-8000-exec-5] c.n.m.c.MenuMapper.selectCountByExample  : <==      Total: 1
2018-02-01 13:39:06.895  INFO 10692 --- [http-nio-8000-exec-1] org.apache.shiro.realm.AuthorizingRealm  : No cache or cacheManager properties have been set.  Authorization cache cannot be obtained.
2018-02-01 13:39:06.897 DEBUG 10692 --- [http-nio-8000-exec-1] c.n.m.console.MenuMapper.getALLMenuCode  : ==>  Preparing: select menu_code from menu 
2018-02-01 13:39:06.897 DEBUG 10692 --- [http-nio-8000-exec-1] c.n.m.console.MenuMapper.getALLMenuCode  : ==> Parameters: 
2018-02-01 13:39:06.901 DEBUG 10692 --- [http-nio-8000-exec-1] c.n.m.console.MenuMapper.getALLMenuCode  : <==      Total: 20
2018-02-01 13:39:06.908  INFO 10692 --- [http-nio-8000-exec-1] org.apache.shiro.realm.AuthorizingRealm  : No cache or cacheManager properties have been set.  Authorization cache cannot be obtained.
2018-02-01 13:39:06.908 DEBUG 10692 --- [http-nio-8000-exec-1] c.n.m.console.MenuMapper.getALLMenuCode  : ==>  Preparing: select menu_code from menu 
2018-02-01 13:39:06.908 DEBUG 10692 --- [http-nio-8000-exec-1] c.n.m.console.MenuMapper.getALLMenuCode  : ==> Parameters: 
2018-02-01 13:39:06.912 DEBUG 10692 --- [http-nio-8000-exec-1] c.n.m.console.MenuMapper.getALLMenuCode  : <==      Total: 20
2018-02-01 13:39:07.184  INFO 10692 --- [http-nio-8000-exec-7] org.apache.shiro.realm.AuthorizingRealm  : No cache or cacheManager properties have been set.  Authorization cache cannot be obtained.
2018-02-01 13:39:07.185 DEBUG 10692 --- [http-nio-8000-exec-7] c.n.m.console.MenuMapper.getALLMenuCode  : ==>  Preparing: select menu_code from menu 
2018-02-01 13:39:07.185 DEBUG 10692 --- [http-nio-8000-exec-7] c.n.m.console.MenuMapper.getALLMenuCode  : ==> Parameters: 
2018-02-01 13:39:07.189 DEBUG 10692 --- [http-nio-8000-exec-7] c.n.m.console.MenuMapper.getALLMenuCode  : <==      Total: 20
2018-02-01 13:39:07.190  INFO 10692 --- [http-nio-8000-exec-7] org.apache.shiro.realm.AuthorizingRealm  : No cache or cacheManager properties have been set.  Authorization cache cannot be obtained.
2018-02-01 13:39:07.190 DEBUG 10692 --- [http-nio-8000-exec-7] c.n.m.console.MenuMapper.getALLMenuCode  : ==>  Preparing: select menu_code from menu 
2018-02-01 13:39:07.190 DEBUG 10692 --- [http-nio-8000-exec-7] c.n.m.console.MenuMapper.getALLMenuCode  : ==> Parameters: 
2018-02-01 13:39:07.194 DEBUG 10692 --- [http-nio-8000-exec-7] c.n.m.console.MenuMapper.getALLMenuCode  : <==      Total: 20
2018-02-01 13:39:07.420 DEBUG 10692 --- [http-nio-8000-exec-7] c.n.m.c.AdminMapper.selectAll_COUNT      : ==>  Preparing: SELECT count(*) FROM admin 
2018-02-01 13:39:07.420 DEBUG 10692 --- [http-nio-8000-exec-7] c.n.m.c.AdminMapper.selectAll_COUNT      : ==> Parameters: 
2018-02-01 13:39:07.425 DEBUG 10692 --- [http-nio-8000-exec-7] c.n.m.c.AdminMapper.selectAll_COUNT      : <==      Total: 1
2018-02-01 13:39:07.427 DEBUG 10692 --- [http-nio-8000-exec-7] c.n.m.console.AdminMapper.selectAll      : ==>  Preparing: SELECT uid, username, password, salt, state, is_system, created_at, updated_at, img_id FROM admin order by created_at asc limit ?,? 
2018-02-01 13:39:07.427 DEBUG 10692 --- [http-nio-8000-exec-7] c.n.m.console.AdminMapper.selectAll      : ==> Parameters: 0(Integer), 20(Integer)
2018-02-01 13:39:07.431 DEBUG 10692 --- [http-nio-8000-exec-7] c.n.m.console.AdminMapper.selectAll      : <==      Total: 2
2018-02-01 13:39:07.431 DEBUG 10692 --- [http-nio-8000-exec-7] c.n.m.c.R.selectRoleListByAdminId        : ==>  Preparing: select r.role_id ,r.role_name,r.enable,a.uid as adminid,a.username,a.state from role r inner join admin_role ar on r.role_id = ar.role_id left join admin a on a.uid = ar.admin_id where a.uid = ? and r.enable = 1 
2018-02-01 13:39:07.432 DEBUG 10692 --- [http-nio-8000-exec-7] c.n.m.c.R.selectRoleListByAdminId        : ==> Parameters: ad313d38fe9447ce863fe8584743a010(String)
2018-02-01 13:39:07.440 DEBUG 10692 --- [http-nio-8000-exec-7] c.n.m.c.R.selectRoleListByAdminId        : <==      Total: 0
2018-02-01 13:39:07.440 DEBUG 10692 --- [http-nio-8000-exec-7] c.n.m.c.R.selectRoleListByAdminId        : ==>  Preparing: select r.role_id ,r.role_name,r.enable,a.uid as adminid,a.username,a.state from role r inner join admin_role ar on r.role_id = ar.role_id left join admin a on a.uid = ar.admin_id where a.uid = ? and r.enable = 1 
2018-02-01 13:39:07.441 DEBUG 10692 --- [http-nio-8000-exec-7] c.n.m.c.R.selectRoleListByAdminId        : ==> Parameters: 1e67f167d99c43f897ec6566043ad6ec(String)
2018-02-01 13:39:07.446 DEBUG 10692 --- [http-nio-8000-exec-7] c.n.m.c.R.selectRoleListByAdminId        : <==      Total: 1
2018-02-01 13:39:09.285  INFO 10692 --- [http-nio-8000-exec-6] org.apache.shiro.realm.AuthorizingRealm  : No cache or cacheManager properties have been set.  Authorization cache cannot be obtained.
2018-02-01 13:39:09.286 DEBUG 10692 --- [http-nio-8000-exec-6] c.n.m.console.MenuMapper.getALLMenuCode  : ==>  Preparing: select menu_code from menu 
2018-02-01 13:39:09.286 DEBUG 10692 --- [http-nio-8000-exec-6] c.n.m.console.MenuMapper.getALLMenuCode  : ==> Parameters: 
2018-02-01 13:39:09.290 DEBUG 10692 --- [http-nio-8000-exec-6] c.n.m.console.MenuMapper.getALLMenuCode  : <==      Total: 20
2018-02-01 13:39:09.295  INFO 10692 --- [http-nio-8000-exec-6] org.apache.shiro.realm.AuthorizingRealm  : No cache or cacheManager properties have been set.  Authorization cache cannot be obtained.
2018-02-01 13:39:09.295 DEBUG 10692 --- [http-nio-8000-exec-6] c.n.m.console.MenuMapper.getALLMenuCode  : ==>  Preparing: select menu_code from menu 
2018-02-01 13:39:09.296 DEBUG 10692 --- [http-nio-8000-exec-6] c.n.m.console.MenuMapper.getALLMenuCode  : ==> Parameters: 
2018-02-01 13:39:09.299 DEBUG 10692 --- [http-nio-8000-exec-6] c.n.m.console.MenuMapper.getALLMenuCode  : <==      Total: 20
2018-02-01 13:39:09.470  INFO 10692 --- [http-nio-8000-exec-4] org.apache.shiro.realm.AuthorizingRealm  : No cache or cacheManager properties have been set.  Authorization cache cannot be obtained.
2018-02-01 13:39:09.471 DEBUG 10692 --- [http-nio-8000-exec-4] c.n.m.console.MenuMapper.getALLMenuCode  : ==>  Preparing: select menu_code from menu 
2018-02-01 13:39:09.471 DEBUG 10692 --- [http-nio-8000-exec-4] c.n.m.console.MenuMapper.getALLMenuCode  : ==> Parameters: 
2018-02-01 13:39:09.477 DEBUG 10692 --- [http-nio-8000-exec-4] c.n.m.console.MenuMapper.getALLMenuCode  : <==      Total: 20
2018-02-01 13:39:09.477  INFO 10692 --- [http-nio-8000-exec-4] org.apache.shiro.realm.AuthorizingRealm  : No cache or cacheManager properties have been set.  Authorization cache cannot be obtained.
2018-02-01 13:39:09.478 DEBUG 10692 --- [http-nio-8000-exec-4] c.n.m.console.MenuMapper.getALLMenuCode  : ==>  Preparing: select menu_code from menu 
2018-02-01 13:39:09.478 DEBUG 10692 --- [http-nio-8000-exec-4] c.n.m.console.MenuMapper.getALLMenuCode  : ==> Parameters: 
2018-02-01 13:39:09.482 DEBUG 10692 --- [http-nio-8000-exec-4] c.n.m.console.MenuMapper.getALLMenuCode  : <==      Total: 20
2018-02-01 13:39:09.483 DEBUG 10692 --- [http-nio-8000-exec-4] c.n.m.c.RoleMapper.selectAll_COUNT       : ==>  Preparing: SELECT count(*) FROM role 
2018-02-01 13:39:09.483 DEBUG 10692 --- [http-nio-8000-exec-4] c.n.m.c.RoleMapper.selectAll_COUNT       : ==> Parameters: 
2018-02-01 13:39:09.486 DEBUG 10692 --- [http-nio-8000-exec-4] c.n.m.c.RoleMapper.selectAll_COUNT       : <==      Total: 1
2018-02-01 13:39:09.487 DEBUG 10692 --- [http-nio-8000-exec-4] c.n.mapper.console.RoleMapper.selectAll  : ==>  Preparing: SELECT role_id, role_name, role_desc, enable, created_at, updated_at FROM role order by created_at asc limit ?,? 
2018-02-01 13:39:09.487 DEBUG 10692 --- [http-nio-8000-exec-4] c.n.mapper.console.RoleMapper.selectAll  : ==> Parameters: 0(Integer), 20(Integer)
2018-02-01 13:39:09.492 DEBUG 10692 --- [http-nio-8000-exec-4] c.n.mapper.console.RoleMapper.selectAll  : <==      Total: 2
2018-02-01 13:39:09.493 DEBUG 10692 --- [http-nio-8000-exec-4] c.n.m.c.MenuMapper.selectMenuByRoleId    : ==>  Preparing: select m.* from role_menu rm left join menu m on rm.menu_id = m.menu_id where rm.role_id=? 
2018-02-01 13:39:09.493 DEBUG 10692 --- [http-nio-8000-exec-4] c.n.m.c.MenuMapper.selectMenuByRoleId    : ==> Parameters: 36f1dd1296674fc08484c5abf6a5806b(String)
2018-02-01 13:39:09.504 DEBUG 10692 --- [http-nio-8000-exec-4] c.n.m.c.MenuMapper.selectMenuByRoleId    : <==      Total: 7
2018-02-01 13:39:09.504 DEBUG 10692 --- [http-nio-8000-exec-4] c.n.m.c.MenuMapper.selectMenuByRoleId    : ==>  Preparing: select m.* from role_menu rm left join menu m on rm.menu_id = m.menu_id where rm.role_id=? 
2018-02-01 13:39:09.505 DEBUG 10692 --- [http-nio-8000-exec-4] c.n.m.c.MenuMapper.selectMenuByRoleId    : ==> Parameters: cbe8356d64a8433cb5dad5c7fccf8dce(String)
2018-02-01 13:39:09.514 DEBUG 10692 --- [http-nio-8000-exec-4] c.n.m.c.MenuMapper.selectMenuByRoleId    : <==      Total: 4
2018-02-01 13:39:10.368  INFO 10692 --- [http-nio-8000-exec-2] org.apache.shiro.realm.AuthorizingRealm  : No cache or cacheManager properties have been set.  Authorization cache cannot be obtained.
2018-02-01 13:39:10.369 DEBUG 10692 --- [http-nio-8000-exec-2] c.n.m.console.MenuMapper.getALLMenuCode  : ==>  Preparing: select menu_code from menu 
2018-02-01 13:39:10.370 DEBUG 10692 --- [http-nio-8000-exec-2] c.n.m.console.MenuMapper.getALLMenuCode  : ==> Parameters: 
2018-02-01 13:39:10.374 DEBUG 10692 --- [http-nio-8000-exec-2] c.n.m.console.MenuMapper.getALLMenuCode  : <==      Total: 20
2018-02-01 13:39:10.378  INFO 10692 --- [http-nio-8000-exec-2] org.apache.shiro.realm.AuthorizingRealm  : No cache or cacheManager properties have been set.  Authorization cache cannot be obtained.
2018-02-01 13:39:10.379 DEBUG 10692 --- [http-nio-8000-exec-2] c.n.m.console.MenuMapper.getALLMenuCode  : ==>  Preparing: select menu_code from menu 
2018-02-01 13:39:10.379 DEBUG 10692 --- [http-nio-8000-exec-2] c.n.m.console.MenuMapper.getALLMenuCode  : ==> Parameters: 
2018-02-01 13:39:10.382 DEBUG 10692 --- [http-nio-8000-exec-2] c.n.m.console.MenuMapper.getALLMenuCode  : <==      Total: 20
2018-02-01 13:39:10.400 DEBUG 10692 --- [http-nio-8000-exec-2] c.n.m.c.MenuMapper.selectByExample       : ==>  Preparing: SELECT menu_id, menu_name, menu_type, menu_url, menu_code, parent_id, parent_ids, child_num, listorder, created_at, updated_at FROM menu WHERE (parent_id = ?) order by listorder asc, created_at desc 
2018-02-01 13:39:10.400 DEBUG 10692 --- [http-nio-8000-exec-2] c.n.m.c.MenuMapper.selectByExample       : ==> Parameters: 0(String)
2018-02-01 13:39:10.404 DEBUG 10692 --- [http-nio-8000-exec-2] c.n.m.c.MenuMapper.selectByExample       : <==      Total: 3
2018-02-01 13:39:10.406 DEBUG 10692 --- [http-nio-8000-exec-2] c.n.m.c.MenuMapper.selectByExample       : ==>  Preparing: SELECT menu_id, menu_name, menu_type, menu_url, menu_code, parent_id, parent_ids, child_num, listorder, created_at, updated_at FROM menu WHERE (parent_id = ?) order by listorder asc, created_at desc 
2018-02-01 13:39:10.406 DEBUG 10692 --- [http-nio-8000-exec-2] c.n.m.c.MenuMapper.selectByExample       : ==> Parameters: 984909260a06410d9be37c300e3df09d(String)
2018-02-01 13:39:10.409 DEBUG 10692 --- [http-nio-8000-exec-2] c.n.m.c.MenuMapper.selectByExample       : <==      Total: 1
2018-02-01 13:39:10.412 DEBUG 10692 --- [http-nio-8000-exec-2] c.n.m.c.MenuMapper.selectByExample       : ==>  Preparing: SELECT menu_id, menu_name, menu_type, menu_url, menu_code, parent_id, parent_ids, child_num, listorder, created_at, updated_at FROM menu WHERE (parent_id = ?) order by listorder asc, created_at desc 
2018-02-01 13:39:10.412 DEBUG 10692 --- [http-nio-8000-exec-2] c.n.m.c.MenuMapper.selectByExample       : ==> Parameters: e85b2fb3e6ee4d0a9711c577bc842821(String)
2018-02-01 13:39:10.415 DEBUG 10692 --- [http-nio-8000-exec-2] c.n.m.c.MenuMapper.selectByExample       : <==      Total: 0
2018-02-01 13:39:10.416 DEBUG 10692 --- [http-nio-8000-exec-2] c.n.m.c.MenuMapper.selectByExample       : ==>  Preparing: SELECT menu_id, menu_name, menu_type, menu_url, menu_code, parent_id, parent_ids, child_num, listorder, created_at, updated_at FROM menu WHERE (parent_id = ?) order by listorder asc, created_at desc 
2018-02-01 13:39:10.417 DEBUG 10692 --- [http-nio-8000-exec-2] c.n.m.c.MenuMapper.selectByExample       : ==> Parameters: 3ac96215e82f40b5bfe442e6828641df(String)
2018-02-01 13:39:10.421 DEBUG 10692 --- [http-nio-8000-exec-2] c.n.m.c.MenuMapper.selectByExample       : <==      Total: 4
2018-02-01 13:39:10.423 DEBUG 10692 --- [http-nio-8000-exec-2] c.n.m.c.MenuMapper.selectByExample       : ==>  Preparing: SELECT menu_id, menu_name, menu_type, menu_url, menu_code, parent_id, parent_ids, child_num, listorder, created_at, updated_at FROM menu WHERE (parent_id = ?) order by listorder asc, created_at desc 
2018-02-01 13:39:10.423 DEBUG 10692 --- [http-nio-8000-exec-2] c.n.m.c.MenuMapper.selectByExample       : ==> Parameters: 04d5b345edc8406db52bbf1329f26d58(String)
2018-02-01 13:39:10.426 DEBUG 10692 --- [http-nio-8000-exec-2] c.n.m.c.MenuMapper.selectByExample       : <==      Total: 0
2018-02-01 13:39:10.428 DEBUG 10692 --- [http-nio-8000-exec-2] c.n.m.c.MenuMapper.selectByExample       : ==>  Preparing: SELECT menu_id, menu_name, menu_type, menu_url, menu_code, parent_id, parent_ids, child_num, listorder, created_at, updated_at FROM menu WHERE (parent_id = ?) order by listorder asc, created_at desc 
2018-02-01 13:39:10.428 DEBUG 10692 --- [http-nio-8000-exec-2] c.n.m.c.MenuMapper.selectByExample       : ==> Parameters: e0dde3b9227c471eb3bd2ba0a7fab131(String)
2018-02-01 13:39:10.432 DEBUG 10692 --- [http-nio-8000-exec-2] c.n.m.c.MenuMapper.selectByExample       : <==      Total: 3
2018-02-01 13:39:10.433 DEBUG 10692 --- [http-nio-8000-exec-2] c.n.m.c.MenuMapper.selectByExample       : ==>  Preparing: SELECT menu_id, menu_name, menu_type, menu_url, menu_code, parent_id, parent_ids, child_num, listorder, created_at, updated_at FROM menu WHERE (parent_id = ?) order by listorder asc, created_at desc 
2018-02-01 13:39:10.434 DEBUG 10692 --- [http-nio-8000-exec-2] c.n.m.c.MenuMapper.selectByExample       : ==> Parameters: 6580896645d046a0acf3c1194d7bbf8e(String)
2018-02-01 13:39:10.436 DEBUG 10692 --- [http-nio-8000-exec-2] c.n.m.c.MenuMapper.selectByExample       : <==      Total: 0
2018-02-01 13:39:10.438 DEBUG 10692 --- [http-nio-8000-exec-2] c.n.m.c.MenuMapper.selectByExample       : ==>  Preparing: SELECT menu_id, menu_name, menu_type, menu_url, menu_code, parent_id, parent_ids, child_num, listorder, created_at, updated_at FROM menu WHERE (parent_id = ?) order by listorder asc, created_at desc 
2018-02-01 13:39:10.439 DEBUG 10692 --- [http-nio-8000-exec-2] c.n.m.c.MenuMapper.selectByExample       : ==> Parameters: 85dad2bd9023451fab632dcfc4357d3b(String)
2018-02-01 13:39:10.442 DEBUG 10692 --- [http-nio-8000-exec-2] c.n.m.c.MenuMapper.selectByExample       : <==      Total: 0
2018-02-01 13:39:10.443 DEBUG 10692 --- [http-nio-8000-exec-2] c.n.m.c.MenuMapper.selectByExample       : ==>  Preparing: SELECT menu_id, menu_name, menu_type, menu_url, menu_code, parent_id, parent_ids, child_num, listorder, created_at, updated_at FROM menu WHERE (parent_id = ?) order by listorder asc, created_at desc 
2018-02-01 13:39:10.444 DEBUG 10692 --- [http-nio-8000-exec-2] c.n.m.c.MenuMapper.selectByExample       : ==> Parameters: 362923d31e064f84adb8c23ba91e54d8(String)
2018-02-01 13:39:10.446 DEBUG 10692 --- [http-nio-8000-exec-2] c.n.m.c.MenuMapper.selectByExample       : <==      Total: 0
2018-02-01 13:39:10.448 DEBUG 10692 --- [http-nio-8000-exec-2] c.n.m.c.MenuMapper.selectByExample       : ==>  Preparing: SELECT menu_id, menu_name, menu_type, menu_url, menu_code, parent_id, parent_ids, child_num, listorder, created_at, updated_at FROM menu WHERE (parent_id = ?) order by listorder asc, created_at desc 
2018-02-01 13:39:10.448 DEBUG 10692 --- [http-nio-8000-exec-2] c.n.m.c.MenuMapper.selectByExample       : ==> Parameters: 6cda978dc9404ba2bf5854b74735b0bc(String)
2018-02-01 13:39:10.452 DEBUG 10692 --- [http-nio-8000-exec-2] c.n.m.c.MenuMapper.selectByExample       : <==      Total: 4
2018-02-01 13:39:10.453 DEBUG 10692 --- [http-nio-8000-exec-2] c.n.m.c.MenuMapper.selectByExample       : ==>  Preparing: SELECT menu_id, menu_name, menu_type, menu_url, menu_code, parent_id, parent_ids, child_num, listorder, created_at, updated_at FROM menu WHERE (parent_id = ?) order by listorder asc, created_at desc 
2018-02-01 13:39:10.454 DEBUG 10692 --- [http-nio-8000-exec-2] c.n.m.c.MenuMapper.selectByExample       : ==> Parameters: aab7966c97db4643a36cb5afa24be38b(String)
2018-02-01 13:39:10.457 DEBUG 10692 --- [http-nio-8000-exec-2] c.n.m.c.MenuMapper.selectByExample       : <==      Total: 0
2018-02-01 13:39:10.458 DEBUG 10692 --- [http-nio-8000-exec-2] c.n.m.c.MenuMapper.selectByExample       : ==>  Preparing: SELECT menu_id, menu_name, menu_type, menu_url, menu_code, parent_id, parent_ids, child_num, listorder, created_at, updated_at FROM menu WHERE (parent_id = ?) order by listorder asc, created_at desc 
2018-02-01 13:39:10.458 DEBUG 10692 --- [http-nio-8000-exec-2] c.n.m.c.MenuMapper.selectByExample       : ==> Parameters: 8a653e3fb15642d9be6aad13b02009fb(String)
2018-02-01 13:39:10.462 DEBUG 10692 --- [http-nio-8000-exec-2] c.n.m.c.MenuMapper.selectByExample       : <==      Total: 0
2018-02-01 13:39:10.464 DEBUG 10692 --- [http-nio-8000-exec-2] c.n.m.c.MenuMapper.selectByExample       : ==>  Preparing: SELECT menu_id, menu_name, menu_type, menu_url, menu_code, parent_id, parent_ids, child_num, listorder, created_at, updated_at FROM menu WHERE (parent_id = ?) order by listorder asc, created_at desc 
2018-02-01 13:39:10.464 DEBUG 10692 --- [http-nio-8000-exec-2] c.n.m.c.MenuMapper.selectByExample       : ==> Parameters: 2191c9efc2fa431bb427b81ad938e8aa(String)
2018-02-01 13:39:10.468 DEBUG 10692 --- [http-nio-8000-exec-2] c.n.m.c.MenuMapper.selectByExample       : <==      Total: 0
2018-02-01 13:39:10.469 DEBUG 10692 --- [http-nio-8000-exec-2] c.n.m.c.MenuMapper.selectByExample       : ==>  Preparing: SELECT menu_id, menu_name, menu_type, menu_url, menu_code, parent_id, parent_ids, child_num, listorder, created_at, updated_at FROM menu WHERE (parent_id = ?) order by listorder asc, created_at desc 
2018-02-01 13:39:10.469 DEBUG 10692 --- [http-nio-8000-exec-2] c.n.m.c.MenuMapper.selectByExample       : ==> Parameters: 9f41af1454d046b596023a2822c5078c(String)
2018-02-01 13:39:10.472 DEBUG 10692 --- [http-nio-8000-exec-2] c.n.m.c.MenuMapper.selectByExample       : <==      Total: 0
2018-02-01 13:39:10.473 DEBUG 10692 --- [http-nio-8000-exec-2] c.n.m.c.MenuMapper.selectByExample       : ==>  Preparing: SELECT menu_id, menu_name, menu_type, menu_url, menu_code, parent_id, parent_ids, child_num, listorder, created_at, updated_at FROM menu WHERE (parent_id = ?) order by listorder asc, created_at desc 
2018-02-01 13:39:10.473 DEBUG 10692 --- [http-nio-8000-exec-2] c.n.m.c.MenuMapper.selectByExample       : ==> Parameters: 736bdf0b9aec4c59928a530e34bd9aad(String)
2018-02-01 13:39:10.477 DEBUG 10692 --- [http-nio-8000-exec-2] c.n.m.c.MenuMapper.selectByExample       : <==      Total: 4
2018-02-01 13:39:10.479 DEBUG 10692 --- [http-nio-8000-exec-2] c.n.m.c.MenuMapper.selectByExample       : ==>  Preparing: SELECT menu_id, menu_name, menu_type, menu_url, menu_code, parent_id, parent_ids, child_num, listorder, created_at, updated_at FROM menu WHERE (parent_id = ?) order by listorder asc, created_at desc 
2018-02-01 13:39:10.480 DEBUG 10692 --- [http-nio-8000-exec-2] c.n.m.c.MenuMapper.selectByExample       : ==> Parameters: 1cc3d9ad04e4424db1bb086d1678925e(String)
2018-02-01 13:39:10.483 DEBUG 10692 --- [http-nio-8000-exec-2] c.n.m.c.MenuMapper.selectByExample       : <==      Total: 0
2018-02-01 13:39:10.484 DEBUG 10692 --- [http-nio-8000-exec-2] c.n.m.c.MenuMapper.selectByExample       : ==>  Preparing: SELECT menu_id, menu_name, menu_type, menu_url, menu_code, parent_id, parent_ids, child_num, listorder, created_at, updated_at FROM menu WHERE (parent_id = ?) order by listorder asc, created_at desc 
2018-02-01 13:39:10.484 DEBUG 10692 --- [http-nio-8000-exec-2] c.n.m.c.MenuMapper.selectByExample       : ==> Parameters: 1cc3d9ad04e4424rb1bb086d1678925e(String)
2018-02-01 13:39:10.487 DEBUG 10692 --- [http-nio-8000-exec-2] c.n.m.c.MenuMapper.selectByExample       : <==      Total: 0
2018-02-01 13:39:10.488 DEBUG 10692 --- [http-nio-8000-exec-2] c.n.m.c.MenuMapper.selectByExample       : ==>  Preparing: SELECT menu_id, menu_name, menu_type, menu_url, menu_code, parent_id, parent_ids, child_num, listorder, created_at, updated_at FROM menu WHERE (parent_id = ?) order by listorder asc, created_at desc 
2018-02-01 13:39:10.488 DEBUG 10692 --- [http-nio-8000-exec-2] c.n.m.c.MenuMapper.selectByExample       : ==> Parameters: f4237d06c0c94906bdc04f5ed19cbaeb(String)
2018-02-01 13:39:10.492 DEBUG 10692 --- [http-nio-8000-exec-2] c.n.m.c.MenuMapper.selectByExample       : <==      Total: 0
2018-02-01 13:39:10.493 DEBUG 10692 --- [http-nio-8000-exec-2] c.n.m.c.MenuMapper.selectByExample       : ==>  Preparing: SELECT menu_id, menu_name, menu_type, menu_url, menu_code, parent_id, parent_ids, child_num, listorder, created_at, updated_at FROM menu WHERE (parent_id = ?) order by listorder asc, created_at desc 
2018-02-01 13:39:10.493 DEBUG 10692 --- [http-nio-8000-exec-2] c.n.m.c.MenuMapper.selectByExample       : ==> Parameters: c5cca135ee534bfeb482fb04b9311982(String)
2018-02-01 13:39:10.496 DEBUG 10692 --- [http-nio-8000-exec-2] c.n.m.c.MenuMapper.selectByExample       : <==      Total: 0
2018-02-01 13:39:10.497 DEBUG 10692 --- [http-nio-8000-exec-2] c.n.m.c.MenuMapper.selectByExample       : ==>  Preparing: SELECT menu_id, menu_name, menu_type, menu_url, menu_code, parent_id, parent_ids, child_num, listorder, created_at, updated_at FROM menu WHERE (parent_id = ?) order by listorder asc, created_at desc 
2018-02-01 13:39:10.498 DEBUG 10692 --- [http-nio-8000-exec-2] c.n.m.c.MenuMapper.selectByExample       : ==> Parameters: e5f52fe2115e46229c60803e478d2e9a(String)
2018-02-01 13:39:10.501 DEBUG 10692 --- [http-nio-8000-exec-2] c.n.m.c.MenuMapper.selectByExample       : <==      Total: 1
2018-02-01 13:39:10.503 DEBUG 10692 --- [http-nio-8000-exec-2] c.n.m.c.MenuMapper.selectByExample       : ==>  Preparing: SELECT menu_id, menu_name, menu_type, menu_url, menu_code, parent_id, parent_ids, child_num, listorder, created_at, updated_at FROM menu WHERE (parent_id = ?) order by listorder asc, created_at desc 
2018-02-01 13:39:10.503 DEBUG 10692 --- [http-nio-8000-exec-2] c.n.m.c.MenuMapper.selectByExample       : ==> Parameters: 00dc5c51e4824f49a30013385f680b0c(String)
2018-02-01 13:39:10.506 DEBUG 10692 --- [http-nio-8000-exec-2] c.n.m.c.MenuMapper.selectByExample       : <==      Total: 0
